===========================================
Starting tracing

PrimaryAuthManager Version: ...SF. (Release)

Platform: Linux

Time now: Tue 14 Nov 2023 11:11:10 UTC

Local time now: Tue 14 Nov 2023 11:11:10

Module: /opt/Citrix/ICAClient/PrimaryAuthManager

Module start time: Tue 14 Nov 2023 11:11:10 UTC

Module start local time: Tue 14 Nov 2023 11:11:10

===========================================
Tue 14 Nov 2023 11:11:10     > T:E622F780 main   Configuration:
Tue 14 Nov 2023 11:11:10     > T:E622F780 main   {
Tue 14 Nov 2023 11:11:10       T:E622F780 main   .   TracingEnabled=true
Tue 14 Nov 2023 11:11:10       T:E622F780 main   .   LoggingMode=normal
Tue 14 Nov 2023 11:11:10       T:E622F780 main   .   RequestSecondaryTokenLifetimeDHMS=0.01:00:00
Tue 14 Nov 2023 11:11:10       T:E622F780 main   .   RequestPrimaryTokenLifetimeDHMS=0.20:00:00
Tue 14 Nov 2023 11:11:10       T:E622F780 main   .   MinimumRefreshIntervalDHMS=0.00:10:00
Tue 14 Nov 2023 11:11:10       T:E622F780 main   .   RefreshRetryIntervalDHMS=0.00:10:00
Tue 14 Nov 2023 11:11:10       T:E622F780 main   .   RefreshMode=on
Tue 14 Nov 2023 11:11:10       T:E622F780 main   .   RefreshAtTokenLifetimePercentage=50
Tue 14 Nov 2023 11:11:10       T:E622F780 main   .   ServerTerminationMode=never
Tue 14 Nov 2023 11:11:10       T:E622F780 main   .   SavePasswordMode=never
Tue 14 Nov 2023 11:11:10       T:E622F780 main   .   ConnectionSecurityMode=secureonly
Tue 14 Nov 2023 11:11:10       T:E622F780 main   .   UIMode=normal
Tue 14 Nov 2023 11:11:10       T:E622F780 main   .   MaxChallengeChainDepth=5
Tue 14 Nov 2023 11:11:10       T:E622F780 main   .   MaxPrepareCallCount=6
Tue 14 Nov 2023 11:11:10       T:E622F780 main   .   Guid=
Tue 14 Nov 2023 11:11:10       T:E622F780 main   .   DesktopLogoffMode=logoffserver
Tue 14 Nov 2023 11:11:10       T:E622F780 main   .   CertificateCrlCheckMode=none
Tue 14 Nov 2023 11:11:10       T:E622F780 main   .   CertificateCheckMode=normal
Tue 14 Nov 2023 11:11:10       T:E622F780 main   .   Locale=
Tue 14 Nov 2023 11:11:10       T:E622F780 main   .   MaxUrlTableSize=10
Tue 14 Nov 2023 11:11:10       T:E622F780 main   .   UIInactivityTimeout=0.00:02:00
Tue 14 Nov 2023 11:11:10       T:E622F780 main   .   EpaScanAllowed=false
Tue 14 Nov 2023 11:11:10       T:E622F780 main   .   SoftTokenIntegrationAllowed=false
Tue 14 Nov 2023 11:11:10       T:E622F780 main   .   RememberUsername=false
Tue 14 Nov 2023 11:11:10       T:E622F780 main   .   VpnGatewayOverride=empty
Tue 14 Nov 2023 11:11:10       T:E622F780 main   .   VpnCapabilityOverride=none
Tue 14 Nov 2023 11:11:10       T:E622F780 main   .   CertificateSelectionMode=prompt
Tue 14 Nov 2023 11:11:10       T:E622F780 main   .   SmartCardPINEntry=authmanager
Tue 14 Nov 2023 11:11:10       T:E622F780 main   .   SmartCardRemovalAction=noaction
Tue 14 Nov 2023 11:11:10       T:E622F780 main   .   AllowAgeeForms=true
Tue 14 Nov 2023 11:11:10       T:E622F780 main   .   CertificateStoreOverrideForDiagnostics=
Tue 14 Nov 2023 11:11:10       T:E622F780 main   .   PermittedIssuerForDiagnostics=
Tue 14 Nov 2023 11:11:10       T:E622F780 main   .   BlockTimingEnabled=0
Tue 14 Nov 2023 11:11:10       T:E622F780 main   .   AuthServiceTimeoutSecs=0
Tue 14 Nov 2023 11:11:10       T:E622F780 main   .   FailedWpadBypassIntervalDHMS=0.00:01:00
Tue 14 Nov 2023 11:11:10       T:E622F780 main   .   ProxyEnabled=true
Tue 14 Nov 2023 11:11:10       T:E622F780 main   .   CeipSyncIntervalDHMS=0.01:00:00
Tue 14 Nov 2023 11:11:10       T:E622F780 main   .   ServiceRecordForCloudStoreEnabled=false
Tue 14 Nov 2023 11:11:10       T:E622F780 main   .   ProtocolOrder=httpbasic, integratedwindows, CitrixAGBasic, CitrixAGBasicNoPassword, Certificate, customforms, formsvariant, explicitforms
Tue 14 Nov 2023 11:11:10       T:E622F780 main   .   Protocol=ag
Tue 14 Nov 2023 11:11:10       T:E622F780 main   .       Name=ag
Tue 14 Nov 2023 11:11:10       T:E622F780 main   .       Enabled=true
Tue 14 Nov 2023 11:11:10       T:E622F780 main   .       RequiredConnectivity=unknown
Tue 14 Nov 2023 11:11:10       T:E622F780 main   .       IsPlugin=false
Tue 14 Nov 2023 11:11:10       T:E622F780 main   .       ProcessModel=InProcess
Tue 14 Nov 2023 11:11:10       T:E622F780 main   .       FallbackOnError=never
Tue 14 Nov 2023 11:11:10       T:E622F780 main   .   Protocol=aglegacy
Tue 14 Nov 2023 11:11:10       T:E622F780 main   .       Name=aglegacy
Tue 14 Nov 2023 11:11:10       T:E622F780 main   .       Enabled=true
Tue 14 Nov 2023 11:11:10       T:E622F780 main   .       RequiredConnectivity=unknown
Tue 14 Nov 2023 11:11:10       T:E622F780 main   .       IsPlugin=false
Tue 14 Nov 2023 11:11:10       T:E622F780 main   .       ProcessModel=OutOfprocess
Tue 14 Nov 2023 11:11:10       T:E622F780 main   .       FallbackOnError=never
Tue 14 Nov 2023 11:11:10       T:E622F780 main   .   Protocol=aglegacyclientcert
Tue 14 Nov 2023 11:11:10       T:E622F780 main   .       Name=aglegacyclientcert
Tue 14 Nov 2023 11:11:10       T:E622F780 main   .       Enabled=true
Tue 14 Nov 2023 11:11:10       T:E622F780 main   .       RequiredConnectivity=unknown
Tue 14 Nov 2023 11:11:10       T:E622F780 main   .       IsPlugin=false
Tue 14 Nov 2023 11:11:10       T:E622F780 main   .       ProcessModel=InProcess
Tue 14 Nov 2023 11:11:10       T:E622F780 main   .       FallbackOnError=never
Tue 14 Nov 2023 11:11:10       T:E622F780 main   .   Protocol=Certificate
Tue 14 Nov 2023 11:11:10       T:E622F780 main   .       Name=Certificate
Tue 14 Nov 2023 11:11:10       T:E622F780 main   .       Enabled=true
Tue 14 Nov 2023 11:11:10       T:E622F780 main   .       RequiredConnectivity=direct
Tue 14 Nov 2023 11:11:10       T:E622F780 main   .       IsPlugin=false
Tue 14 Nov 2023 11:11:10       T:E622F780 main   .       ProcessModel=InProcess
Tue 14 Nov 2023 11:11:10       T:E622F780 main   .       FallbackOnError=UserSwitchedProtocol UnsuitableProtocol
Tue 14 Nov 2023 11:11:10       T:E622F780 main   .   Protocol=CitrixAGBasic
Tue 14 Nov 2023 11:11:10       T:E622F780 main   .       Name=CitrixAGBasic
Tue 14 Nov 2023 11:11:10       T:E622F780 main   .       Enabled=true
Tue 14 Nov 2023 11:11:10       T:E622F780 main   .       RequiredConnectivity=gateway
Tue 14 Nov 2023 11:11:10       T:E622F780 main   .       IsPlugin=false
Tue 14 Nov 2023 11:11:10       T:E622F780 main   .       ProcessModel=InProcess
Tue 14 Nov 2023 11:11:10       T:E622F780 main   .       FallbackOnError=UnsuitableProtocol
Tue 14 Nov 2023 11:11:10       T:E622F780 main   .   Protocol=CitrixAGBasicNoPassword
Tue 14 Nov 2023 11:11:10       T:E622F780 main   .       Name=CitrixAGBasicNoPassword
Tue 14 Nov 2023 11:11:10       T:E622F780 main   .       Enabled=true
Tue 14 Nov 2023 11:11:10       T:E622F780 main   .       RequiredConnectivity=gateway
Tue 14 Nov 2023 11:11:10       T:E622F780 main   .       IsPlugin=false
Tue 14 Nov 2023 11:11:10       T:E622F780 main   .       ProcessModel=InProcess
Tue 14 Nov 2023 11:11:10       T:E622F780 main   .       FallbackOnError=UnsuitableProtocol
Tue 14 Nov 2023 11:11:10       T:E622F780 main   .   Protocol=customforms
Tue 14 Nov 2023 11:11:10       T:E622F780 main   .       Name=customforms
Tue 14 Nov 2023 11:11:10       T:E622F780 main   .       Enabled=true
Tue 14 Nov 2023 11:11:10       T:E622F780 main   .       RequiredConnectivity=any
Tue 14 Nov 2023 11:11:10       T:E622F780 main   .       IsPlugin=false
Tue 14 Nov 2023 11:11:10       T:E622F780 main   .       ProcessModel=InProcess
Tue 14 Nov 2023 11:11:10       T:E622F780 main   .       FallbackOnError=never
Tue 14 Nov 2023 11:11:10       T:E622F780 main   .   Protocol=explicitforms
Tue 14 Nov 2023 11:11:10       T:E622F780 main   .       Name=explicitforms
Tue 14 Nov 2023 11:11:10       T:E622F780 main   .       Enabled=true
Tue 14 Nov 2023 11:11:10       T:E622F780 main   .       RequiredConnectivity=any
Tue 14 Nov 2023 11:11:10       T:E622F780 main   .       IsPlugin=false
Tue 14 Nov 2023 11:11:10       T:E622F780 main   .       ProcessModel=InProcess
Tue 14 Nov 2023 11:11:10       T:E622F780 main   .       FallbackOnError=never
Tue 14 Nov 2023 11:11:10       T:E622F780 main   .   Protocol=formsvariant
Tue 14 Nov 2023 11:11:10       T:E622F780 main   .       Name=formsvariant
Tue 14 Nov 2023 11:11:10       T:E622F780 main   .       Enabled=true
Tue 14 Nov 2023 11:11:10       T:E622F780 main   .       RequiredConnectivity=any
Tue 14 Nov 2023 11:11:10       T:E622F780 main   .       IsPlugin=false
Tue 14 Nov 2023 11:11:10       T:E622F780 main   .       ProcessModel=InProcess
Tue 14 Nov 2023 11:11:10       T:E622F780 main   .       FallbackOnError=never
Tue 14 Nov 2023 11:11:10       T:E622F780 main   .   Protocol=httpbasic
Tue 14 Nov 2023 11:11:10       T:E622F780 main   .       Name=httpbasic
Tue 14 Nov 2023 11:11:10       T:E622F780 main   .       Enabled=false
Tue 14 Nov 2023 11:11:10       T:E622F780 main   .       RequiredConnectivity=direct
Tue 14 Nov 2023 11:11:10       T:E622F780 main   .       IsPlugin=false
Tue 14 Nov 2023 11:11:10       T:E622F780 main   .       ProcessModel=InProcess
Tue 14 Nov 2023 11:11:10       T:E622F780 main   .       FallbackOnError=UnsuitableProtocol
Tue 14 Nov 2023 11:11:10       T:E622F780 main   .   Protocol=integratedwindows
Tue 14 Nov 2023 11:11:10       T:E622F780 main   .       Name=integratedwindows
Tue 14 Nov 2023 11:11:10       T:E622F780 main   .       Enabled=true
Tue 14 Nov 2023 11:11:10       T:E622F780 main   .       RequiredConnectivity=direct
Tue 14 Nov 2023 11:11:10       T:E622F780 main   .       IsPlugin=false
Tue 14 Nov 2023 11:11:10       T:E622F780 main   .       ProcessModel=InProcess
Tue 14 Nov 2023 11:11:10       T:E622F780 main   .       SSONCheckEnabled=true
Tue 14 Nov 2023 11:11:10       T:E622F780 main   .       FallbackOnError=UnsuitableProtocol
Tue 14 Nov 2023 11:11:10       T:E622F780 main   .   
Tue 14 Nov 2023 11:11:10       T:E622F780 main   .   Auth Form Plugin Configuration:
Tue 14 Nov 2023 11:11:10       T:E622F780 main   .       No plugin configuration found
Tue 14 Nov 2023 11:11:10       T:E622F780 main   .   
Tue 14 Nov 2023 11:11:10     < T:E622F780 main   }
Tue 14 Nov 2023 11:11:10     > T:E622F780 main   static void AM::Utilities::CLinuxDependencies::InitializeCoreDependencies()
Tue 14 Nov 2023 11:11:10     > T:E622F780 main   {
Tue 14 Nov 2023 11:11:10       T:E622F780 main   .   CAMSSLContextTracker created.
Tue 14 Nov 2023 11:11:10       T:E622F780 main   .   AM::CLinuxSSLContext::CLinuxSSLContext(const AM::Networking::CXUrl&)
Tue 14 Nov 2023 11:11:10     < T:E622F780 main   }
Tue 14 Nov 2023 11:11:10     > T:E622F780 main    initSmartCard=false
Tue 14 Nov 2023 11:11:10     > T:E622F780 main   {
Tue 14 Nov 2023 11:11:10     < T:E622F780 main   }
Tue 14 Nov 2023 11:11:10     > T:E622F780 main   CAuthenticatorSingleUseFactory::CAuthenticatorSingleUseFactory
Tue 14 Nov 2023 11:11:10     > T:E622F780 main   {
Tue 14 Nov 2023 11:11:10     < T:E622F780 main   }
Tue 14 Nov 2023 11:11:10     > T:E622F780 main   CAuthenticatorSingleUseFactory::CreateInstance
Tue 14 Nov 2023 11:11:10     > T:E622F780 main   {
Tue 14 Nov 2023 11:11:10       T:E622F780 main   .   protocol=ag
Tue 14 Nov 2023 11:11:10     > T:E622F780 main   .   CAuthenticatorSingleUseFactory::CreateBuiltInInstance
Tue 14 Nov 2023 11:11:10     > T:E622F780 main   .   {
Tue 14 Nov 2023 11:11:10       T:E622F780 main   .   .   protocolName=ag builtInAuthenticatorName=agbuiltin
Tue 14 Nov 2023 11:11:10     < T:E622F780 main   .   }
Tue 14 Nov 2023 11:11:10     < T:E622F780 main   }
Tue 14 Nov 2023 11:11:10     > T:E622F780 main   AM::Networking::CWrappedComCookieJar::CWrappedComCookieJar(CitrixAuthManagerSDK::CClientCommLib*)
Tue 14 Nov 2023 11:11:10     > T:E622F780 main   {
Tue 14 Nov 2023 11:11:10     < T:E622F780 main   }
Tue 14 Nov 2023 11:11:10     > T:E622F780 main   CPrimaryAuthImpl::SetAuthenticatorSupport
Tue 14 Nov 2023 11:11:10     > T:E622F780 main   {
Tue 14 Nov 2023 11:11:10     < T:E622F780 main   }
Tue 14 Nov 2023 11:11:10     > T:E622F780 main   CPrimaryAuthImpl::Authenticate
Tue 14 Nov 2023 11:11:10     > T:E622F780 main   {
Tue 14 Nov 2023 11:11:10     > T:E622F780 main   .   CAGFormsAuthImpl::Authenticate
Tue 14 Nov 2023 11:11:10     > T:E622F780 main   .   {
Tue 14 Nov 2023 11:11:10       T:E622F780 main   .   .   CAGFormsGateway::CAGFormsGateway url='https://office.rku-it.de/' sslTransportAuth='None' formsStartPath=/nf/auth/startWebview.do
Tue 14 Nov 2023 11:11:10       T:E622F780 main   .   .   StartUrl=https://office.rku-it.de/nf/auth/startWebview.do
Tue 14 Nov 2023 11:11:10       T:E622F780 main   .   .   StartData=<?xml version="1.0" encoding="UTF-8" standalone="no" ?>
Tue 14 Nov 2023 11:11:10       T:E622F780 main   .   .   <AGStartData>
Tue 14 Nov 2023 11:11:10       T:E622F780 main   .   .   
Tue 14 Nov 2023 11:11:10       T:E622F780 main   .   .     <RequestVpnCapableSession>false</RequestVpnCapableSession>
Tue 14 Nov 2023 11:11:10       T:E622F780 main   .   .   
Tue 14 Nov 2023 11:11:10       T:E622F780 main   .   .     <ReceiverIdUrlStr>https://office.rku-it.de/</ReceiverIdUrlStr>
Tue 14 Nov 2023 11:11:10       T:E622F780 main   .   .   
Tue 14 Nov 2023 11:11:10       T:E622F780 main   .   .     <SslTransportAuth>None</SslTransportAuth>
Tue 14 Nov 2023 11:11:10       T:E622F780 main   .   .   
Tue 14 Nov 2023 11:11:10       T:E622F780 main   .   .   </AGStartData>
Tue 14 Nov 2023 11:11:10       T:E622F780 main   .   .   
Tue 14 Nov 2023 11:11:10     > T:E622F780 main   .   .   CClientComAuthenticatorSupport::GetAdditionalHeaders
Tue 14 Nov 2023 11:11:10     > T:E622F780 main   .   .   {
Tue 14 Nov 2023 11:11:10     < T:E622F780 main   .   .   }
Tue 14 Nov 2023 11:11:10     > T:E622F780 main   .   .   CLinuxResourceKeeper::CLinuxResourceKeeper
Tue 14 Nov 2023 11:11:10     > T:E622F780 main   .   .   {
Tue 14 Nov 2023 11:11:10     < T:E622F780 main   .   .   }
Tue 14 Nov 2023 11:11:10     > T:E622F780 main   .   .   CFormsSubProtocol::CFormsSubProtocol
Tue 14 Nov 2023 11:11:10     > T:E622F780 main   .   .   {
Tue 14 Nov 2023 11:11:10       T:E622F780 main   .   .   .   Supports image labels: true
Tue 14 Nov 2023 11:11:10     < T:E622F780 main   .   .   }
Tue 14 Nov 2023 11:11:10     > T:E622F780 main   .   .   CFormsSubProtocol::Execute
Tue 14 Nov 2023 11:11:10     > T:E622F780 main   .   .   {
Tue 14 Nov 2023 11:11:10     > T:E622F780 main   .   .   .   CFormsSubProtocolPluginHelper::CFormsSubProtocolPluginHelper
Tue 14 Nov 2023 11:11:10     > T:E622F780 main   .   .   .   {
Tue 14 Nov 2023 11:11:10     < T:E622F780 main   .   .   .   }
Tue 14 Nov 2023 11:11:10     > T:E622F780 main   .   .   .   CFormsSubProtocol::CreateHttpTransactionChain
Tue 14 Nov 2023 11:11:10     > T:E622F780 main   .   .   .   {
Tue 14 Nov 2023 11:11:10     > T:E622F780 main   .   .   .   .   AM::Networking::CLinuxHttpTransaction::CLinuxHttpTransaction(AM::CAMSSLContext::Sptr)
Tue 14 Nov 2023 11:11:10     > T:E622F780 main   .   .   .   .   {
Tue 14 Nov 2023 11:11:10       T:E622F780 main   .   .   .   .   .   virtual const wstring AM::CLinuxSSLContext::GetDebugState() const
Tue 14 Nov 2023 11:11:10       T:E622F780 main   .   .   .   .   .   CLinuxHttpTransaction::SetSSLContext: Server: '' State: 'ClientCertificate_Unset' Certificate: '(none)'
Tue 14 Nov 2023 11:11:10     < T:E622F780 main   .   .   .   .   }
Tue 14 Nov 2023 11:11:10     > T:E622F780 main   .   .   .   .   CFormsSubProtocol::WrapForClientCertAuthIfNeeded
Tue 14 Nov 2023 11:11:10     > T:E622F780 main   .   .   .   .   {
Tue 14 Nov 2023 11:11:10       T:E622F780 main   .   .   .   .   .   Wrapping for client cert auth
Tue 14 Nov 2023 11:11:10     < T:E622F780 main   .   .   .   .   }
Tue 14 Nov 2023 11:11:10     < T:E622F780 main   .   .   .   }
Tue 14 Nov 2023 11:11:10     > T:E622F780 main   .   .   .   CAGFormsAuthImpl::OnSubProtocolStart
Tue 14 Nov 2023 11:11:10     > T:E622F780 main   .   .   .   {
Tue 14 Nov 2023 11:11:10       T:E622F780 main   .   .   .   .   Setting up GET request
Tue 14 Nov 2023 11:11:10       T:E622F780 main   .   .   .   .   formsStartUrl=https://office.rku-it.de/nf/auth/startWebview.do
Tue 14 Nov 2023 11:11:10     > T:E622F780 main   .   .   .   .   CTranslatingHttpTransaction::SetUrl directUrl=https://office.rku-it.de/nf/auth/startWebview.do
Tue 14 Nov 2023 11:11:10     > T:E622F780 main   .   .   .   .   {
Tue 14 Nov 2023 11:11:10     < T:E622F780 main   .   .   .   .   }
Tue 14 Nov 2023 11:11:10     < T:E622F780 main   .   .   .   }
Tue 14 Nov 2023 11:11:10     > T:E622F780 main   .   .   .   CFormsSubProtocol::InitializeSslContext
Tue 14 Nov 2023 11:11:10     > T:E622F780 main   .   .   .   {
Tue 14 Nov 2023 11:11:10     > T:E622F780 main   .   .   .   .   CAMSSLContextTracker::GetContextFor 'https://office.rku-it.de/nf/auth/startWebview.do'
Tue 14 Nov 2023 11:11:10     > T:E622F780 main   .   .   .   .   {
Tue 14 Nov 2023 11:11:10       T:E622F780 main   .   .   .   .   .   Context not found
Tue 14 Nov 2023 11:11:10     < T:E622F780 main   .   .   .   .   }
Tue 14 Nov 2023 11:11:10       T:E622F780 main   .   .   .   .   AM::CLinuxSSLContext::CLinuxSSLContext(const AM::Networking::CXUrl&)
Tue 14 Nov 2023 11:11:10     < T:E622F780 main   .   .   .   }
Tue 14 Nov 2023 11:11:10     > T:E622F780 main   .   .   .   CSavedCredentialsManager::CSavedCredentialsManager
Tue 14 Nov 2023 11:11:10     > T:E622F780 main   .   .   .   {
Tue 14 Nov 2023 11:11:10       T:E622F780 main   .   .   .   .   saveCredentialsKey=https://office.rku-it.de/
Tue 14 Nov 2023 11:11:10       T:E622F780 main   .   .   .   .   allowSavedCredentials=false
Tue 14 Nov 2023 11:11:10     > T:E622F780 main   .   .   .   .   CSavedCredentialsManager::EraseAnyCredenialsNotAllowedByPolicy
Tue 14 Nov 2023 11:11:10     > T:E622F780 main   .   .   .   .   {
Tue 14 Nov 2023 11:11:10     > T:E622F780 main   .   .   .   .   .   CLinuxOnDiskCredentials::GetAllKeys
Tue 14 Nov 2023 11:11:10     > T:E622F780 main   .   .   .   .   .   {
Tue 14 Nov 2023 11:11:10 <<<<< T:E622F780 main   .   .   .   .   .   .   Throwable created: CLinuxSystemException :Failed to open Map file.
Tue 14 Nov 2023 11:11:10       T:E622F780 main   .   .   .   .   .   .   Caught exception: Failed to open Map file.
Tue 14 Nov 2023 11:11:10     > T:E622F780 main   .   .   .   .   .   .   CLinuxOnDiskCredentials::EraseAll
Tue 14 Nov 2023 11:11:10     > T:E622F780 main   .   .   .   .   .   .   {
Tue 14 Nov 2023 11:11:10     < T:E622F780 main   .   .   .   .   .   .   }
Tue 14 Nov 2023 11:11:10     < T:E622F780 main   .   .   .   .   .   }
Tue 14 Nov 2023 11:11:10     < T:E622F780 main   .   .   .   .   }
Tue 14 Nov 2023 11:11:10     < T:E622F780 main   .   .   .   }
Tue 14 Nov 2023 11:11:10     > T:E622F780 main   .   .   .   CRememberUsernameManager::CRememberUsernameManager
Tue 14 Nov 2023 11:11:10     > T:E622F780 main   .   .   .   {
Tue 14 Nov 2023 11:11:10       T:E622F780 main   .   .   .   .   key=https://office.rku-it.de/
Tue 14 Nov 2023 11:11:10       T:E622F780 main   .   .   .   .   Not allowed
Tue 14 Nov 2023 11:11:10     > T:E622F780 main   .   .   .   .   CLinuxOnDiskCredentials::EraseAll
Tue 14 Nov 2023 11:11:10     > T:E622F780 main   .   .   .   .   {
Tue 14 Nov 2023 11:11:10     < T:E622F780 main   .   .   .   .   }
Tue 14 Nov 2023 11:11:10     < T:E622F780 main   .   .   .   }
Tue 14 Nov 2023 11:11:10     > T:E622F780 main   .   .   .   CClientPersistentStorageManager::CClientPersistentStorageManager m_TableKey='https://office.rku-it.de/nf/auth/startWebview.do/'
Tue 14 Nov 2023 11:11:10     > T:E622F780 main   .   .   .   {
Tue 14 Nov 2023 11:11:10     < T:E622F780 main   .   .   .   }
Tue 14 Nov 2023 11:11:10       T:E622F780 main   .   .   .   Making the next request to the server
Tue 14 Nov 2023 11:11:10     > T:E622F780 main   .   .   .   CTranslatingHttpTransaction::SendAndReceive - direct connection
Tue 14 Nov 2023 11:11:10     > T:E622F780 main   .   .   .   {
Tue 14 Nov 2023 11:11:10       T:E622F780 main   .   .   .   .   actual url='https://office.rku-it.de/nf/auth/startWebview.do'
Tue 14 Nov 2023 11:11:10     > T:E622F780 main   .   .   .   .   CFormsSubProtocol::CertAuthHttpWrapper::SendAndReceive
Tue 14 Nov 2023 11:11:10     > T:E622F780 main   .   .   .   .   {
Tue 14 Nov 2023 11:11:10       T:E622F780 main   .   .   .   .   .   virtual const wstring AM::CLinuxSSLContext::GetDebugState() const
Tue 14 Nov 2023 11:11:10       T:E622F780 main   .   .   .   .   .   CLinuxHttpTransaction::SetSSLContext: Server: 'https://office.rku-it.de/' State: 'ClientCertificate_Unset' Certificate: '(none)'
Tue 14 Nov 2023 11:11:10     > T:E622F780 main   .   .   .   .   .   CHttpTransactionBase::SendAndReceive
Tue 14 Nov 2023 11:11:10     > T:E622F780 main   .   .   .   .   .   {
Tue 14 Nov 2023 11:11:10     > T:E622F780 main   .   .   .   .   .   .   virtual std::__cxx11::wstring AM::Networking::CWrappedComCookieJar::GetCookieHeaderValue(const AM::Networking::CXUrl&)
Tue 14 Nov 2023 11:11:10     > T:E622F780 main   .   .   .   .   .   .   {
Tue 14 Nov 2023 11:11:10     < T:E622F780 main   .   .   .   .   .   .   }
Tue 14 Nov 2023 11:11:10     > T:E622F780 main   .   .   .   .   .   .   virtual void AM::Networking::CLinuxHttpTransaction::CheckedSendAndReceive()
Tue 14 Nov 2023 11:11:10     > T:E622F780 main   .   .   .   .   .   .   {
Tue 14 Nov 2023 11:11:11       T:E622F780 main   .   .   .   .   .   .   .   CheckedSendAndReceive client cert none
Tue 14 Nov 2023 11:11:11       T:E622F780 main   .   .   .   .   .   .   .   HTTP status from curl: 200
Tue 14 Nov 2023 11:11:11     > T:E622F780 main   .   .   .   .   .   .   .   void AM::Networking::CLinuxHttpTransaction::parseHeaders(const wchar_t*)
Tue 14 Nov 2023 11:11:11     > T:E622F780 main   .   .   .   .   .   .   .   {
Tue 14 Nov 2023 11:11:11       T:E622F780 main   .   .   .   .   .   .   .   .   Parsed status from curl is 200
Tue 14 Nov 2023 11:11:11     < T:E622F780 main   .   .   .   .   .   .   .   }
Tue 14 Nov 2023 11:11:11       T:E622F780 main   .   .   .   .   .   .   .   Got cert chain for new connection
Tue 14 Nov 2023 11:11:11     < T:E622F780 main   .   .   .   .   .   .   }
Tue 14 Nov 2023 11:11:11     > T:E622F780 main   .   .   .   .   .   .   virtual AM::ICertificate::Cptr AM::Networking::CLinuxHttpTransaction::GetServerCertificateDerived()
Tue 14 Nov 2023 11:11:11     > T:E622F780 main   .   .   .   .   .   .   {
Tue 14 Nov 2023 11:11:11     < T:E622F780 main   .   .   .   .   .   .   }
Tue 14 Nov 2023 11:11:11     > T:E622F780 main   .   .   .   .   .   .   virtual void AM::Networking::CWrappedComCookieJar::AddCookiesFromSetCookieHeaderValues(const AM::Networking::CXUrl&, const std::vector<std::__cxx11::basic_string<wchar_t> >&)
Tue 14 Nov 2023 11:11:11     > T:E622F780 main   .   .   .   .   .   .   {
Tue 14 Nov 2023 11:11:11     < T:E622F780 main   .   .   .   .   .   .   }
Tue 14 Nov 2023 11:11:11     < T:E622F780 main   .   .   .   .   .   }
Tue 14 Nov 2023 11:11:11     < T:E622F780 main   .   .   .   .   }
Tue 14 Nov 2023 11:11:11     < T:E622F780 main   .   .   .   }
Tue 14 Nov 2023 11:11:11     > T:E622F780 main   .   .   .   CFormsSubProtocol::ProcessServerResponse
Tue 14 Nov 2023 11:11:11     > T:E622F780 main   .   .   .   {
Tue 14 Nov 2023 11:11:11     > T:E622F780 main   .   .   .   .   CFormsSubProtocol::RecordServerCertificateInformation
Tue 14 Nov 2023 11:11:11     > T:E622F780 main   .   .   .   .   {
Tue 14 Nov 2023 11:11:11     > T:E622F780 main   .   .   .   .   .   virtual AM::ICertificate::Cptr AM::Networking::CLinuxHttpTransaction::GetServerCertificateDerived()
Tue 14 Nov 2023 11:11:11     > T:E622F780 main   .   .   .   .   .   {
Tue 14 Nov 2023 11:11:11     < T:E622F780 main   .   .   .   .   .   }
Tue 14 Nov 2023 11:11:11       T:E622F780 main   .   .   .   .   .   succeeded
Tue 14 Nov 2023 11:11:11     < T:E622F780 main   .   .   .   .   }
Tue 14 Nov 2023 11:11:11       T:E622F780 main   .   .   .   .   httpStatus=200
Tue 14 Nov 2023 11:11:11     > T:E622F780 main   .   .   .   .   CFormsSubProtocol::Http200Received; content-type='application/vnd.citrix.authenticateresponse-1+xml; charset=utf-8'
Tue 14 Nov 2023 11:11:11     > T:E622F780 main   .   .   .   .   {
Tue 14 Nov 2023 11:11:11     > T:E622F780 main   .   .   .   .   .   CChimeraForm::CChimeraForm
Tue 14 Nov 2023 11:11:11     > T:E622F780 main   .   .   .   .   .   {
Tue 14 Nov 2023 11:11:11       T:E622F780 main   .   .   .   .   .   .   status=success
Tue 14 Nov 2023 11:11:11       T:E622F780 main   .   .   .   .   .   .   StateContext=
Tue 14 Nov 2023 11:11:11       T:E622F780 main   .   .   .   .   .   .   result=more-info
Tue 14 Nov 2023 11:11:11     > T:E622F780 main   .   .   .   .   .   .   CChimeraForm::ParsePostBackAndCancelUrls
Tue 14 Nov 2023 11:11:11     > T:E622F780 main   .   .   .   .   .   .   {
Tue 14 Nov 2023 11:11:11       T:E622F780 main   .   .   .   .   .   .   .   PostBackUrl=https://office.rku-it.de/nf/auth/webview/done
Tue 14 Nov 2023 11:11:11       T:E622F780 main   .   .   .   .   .   .   .   CancelPostBackUrl=https://office.rku-it.de/nf/auth/doLogoff.do
Tue 14 Nov 2023 11:11:11     < T:E622F780 main   .   .   .   .   .   .   }
Tue 14 Nov 2023 11:11:11     > T:E622F780 main   .   .   .   .   .   .   CChimeraRequirement
Tue 14 Nov 2023 11:11:11     > T:E622F780 main   .   .   .   .   .   .   {
Tue 14 Nov 2023 11:11:11       T:E622F780 main   .   .   .   .   .   .   .   CredentialID=samlResponse
Tue 14 Nov 2023 11:11:11       T:E622F780 main   .   .   .   .   .   .   .   CredentialType=webview
Tue 14 Nov 2023 11:11:11       T:E622F780 main   .   .   .   .   .   .   .   Hidden credential=false
Tue 14 Nov 2023 11:11:11       T:E622F780 main   .   .   .   .   .   .   .   LabelType=none
Tue 14 Nov 2023 11:11:11     < T:E622F780 main   .   .   .   .   .   .   }
Tue 14 Nov 2023 11:11:11     < T:E622F780 main   .   .   .   .   .   }
Tue 14 Nov 2023 11:11:11     > T:E622F780 main   .   .   .   .   .   CFormsSubProtocolPluginHelper::LoadFormHandlerPlugin
Tue 14 Nov 2023 11:11:11     > T:E622F780 main   .   .   .   .   .   {
Tue 14 Nov 2023 11:11:11     < T:E622F780 main   .   .   .   .   .   }
Tue 14 Nov 2023 11:11:11     > T:E622F780 main   .   .   .   .   .   CFormsSubProtocolPluginHelper::FormHandlerModifyForm
Tue 14 Nov 2023 11:11:11     > T:E622F780 main   .   .   .   .   .   {
Tue 14 Nov 2023 11:11:11     < T:E622F780 main   .   .   .   .   .   }
Tue 14 Nov 2023 11:11:11     > T:E622F780 main   .   .   .   .   .   ThrowIfNotStatusSuccess status='success'
Tue 14 Nov 2023 11:11:11     > T:E622F780 main   .   .   .   .   .   {
Tue 14 Nov 2023 11:11:11     < T:E622F780 main   .   .   .   .   .   }
Tue 14 Nov 2023 11:11:11     > T:E622F780 main   .   .   .   .   .   CSavedCredentialsManager::OnFormReceived
Tue 14 Nov 2023 11:11:11     > T:E622F780 main   .   .   .   .   .   {
Tue 14 Nov 2023 11:11:11       T:E622F780 main   .   .   .   .   .   .   form result=more-info
Tue 14 Nov 2023 11:11:11     > T:E622F780 main   .   .   .   .   .   .   CSavedCredentialsManager::DetectInvalidOnDiskCredentials
Tue 14 Nov 2023 11:11:11     > T:E622F780 main   .   .   .   .   .   .   {
Tue 14 Nov 2023 11:11:11     < T:E622F780 main   .   .   .   .   .   .   }
Tue 14 Nov 2023 11:11:11     > T:E622F780 main   .   .   .   .   .   .   CSavedCredentialsManager::UpdateDisplaySavePasswordCheckbox
Tue 14 Nov 2023 11:11:11     > T:E622F780 main   .   .   .   .   .   .   {
Tue 14 Nov 2023 11:11:11       T:E622F780 main   .   .   .   .   .   .   .   Security policy disallows checkbox
Tue 14 Nov 2023 11:11:11     < T:E622F780 main   .   .   .   .   .   .   }
Tue 14 Nov 2023 11:11:11     < T:E622F780 main   .   .   .   .   .   }
Tue 14 Nov 2023 11:11:11     > T:E622F780 main   .   .   .   .   .   CFormsSubProtocol::FormHandlerLoop
Tue 14 Nov 2023 11:11:11     > T:E622F780 main   .   .   .   .   .   {
Tue 14 Nov 2023 11:11:11       T:E622F780 main   .   .   .   .   .   .   Processing the form from server
Tue 14 Nov 2023 11:11:11     > T:E622F780 main   .   .   .   .   .   .   CFormsSubProtocol::ProcessForm
Tue 14 Nov 2023 11:11:11     > T:E622F780 main   .   .   .   .   .   .   {
Tue 14 Nov 2023 11:11:11     > T:E622F780 main   .   .   .   .   .   .   .   CFormsSubProtocol::AddReadonlyRequirementsToPostData
Tue 14 Nov 2023 11:11:11     > T:E622F780 main   .   .   .   .   .   .   .   {
Tue 14 Nov 2023 11:11:11       T:E622F780 main   .   .   .   .   .   .   .   .   Added 0 read-only requirements to the post data
Tue 14 Nov 2023 11:11:11     < T:E622F780 main   .   .   .   .   .   .   .   }
Tue 14 Nov 2023 11:11:11     > T:E622F780 main   .   .   .   .   .   .   .   CFormsSubProtocol::AddHiddenRequirementsToPostData
Tue 14 Nov 2023 11:11:11     > T:E622F780 main   .   .   .   .   .   .   .   {
Tue 14 Nov 2023 11:11:11       T:E622F780 main   .   .   .   .   .   .   .   .   Added 0 hidden requirements to the post data
Tue 14 Nov 2023 11:11:11     < T:E622F780 main   .   .   .   .   .   .   .   }
Tue 14 Nov 2023 11:11:11     > T:E622F780 main   .   .   .   .   .   .   .   CSavedCredentialsManager::RetrieveSavedCredentials
Tue 14 Nov 2023 11:11:11     > T:E622F780 main   .   .   .   .   .   .   .   {
Tue 14 Nov 2023 11:11:11       T:E622F780 main   .   .   .   .   .   .   .   .   RETRIEVED_nothing - form has no save checkbox
Tue 14 Nov 2023 11:11:11     < T:E622F780 main   .   .   .   .   .   .   .   }
Tue 14 Nov 2023 11:11:11     > T:E622F780 main   .   .   .   .   .   .   .   CRememberUsernameManager::PrepopulateForm
Tue 14 Nov 2023 11:11:11     > T:E622F780 main   .   .   .   .   .   .   .   {
Tue 14 Nov 2023 11:11:11     < T:E622F780 main   .   .   .   .   .   .   .   }
Tue 14 Nov 2023 11:11:11     > T:E622F780 main   .   .   .   .   .   .   .   CFormsSubProtocolPluginHelper::LoadCredentialHandlerPlugins
Tue 14 Nov 2023 11:11:11     > T:E622F780 main   .   .   .   .   .   .   .   {
Tue 14 Nov 2023 11:11:11     > T:E622F780 main   .   .   .   .   .   .   .   .   CFormsSubProtocolPluginHelper::LoadCredentialHandlersForForm
Tue 14 Nov 2023 11:11:11     > T:E622F780 main   .   .   .   .   .   .   .   .   {
Tue 14 Nov 2023 11:11:11     < T:E622F780 main   .   .   .   .   .   .   .   .   }
Tue 14 Nov 2023 11:11:11     > T:E622F780 main   .   .   .   .   .   .   .   .   CFormsSubProtocolPluginHelper::ParseCreateWebviewHandlers
Tue 14 Nov 2023 11:11:11     > T:E622F780 main   .   .   .   .   .   .   .   .   {
Tue 14 Nov 2023 11:11:11       T:E622F780 main   .   .   .   .   .   .   .   .   .   CWebviewCredentialHandler constructor.
Tue 14 Nov 2023 11:11:11     < T:E622F780 main   .   .   .   .   .   .   .   .   }
Tue 14 Nov 2023 11:11:11     < T:E622F780 main   .   .   .   .   .   .   .   }
Tue 14 Nov 2023 11:11:11     > T:E622F780 main   .   .   .   .   .   .   .   CFormsSubProtocolPluginHelper::CredentialPluginsOnFormReceived
Tue 14 Nov 2023 11:11:11     > T:E622F780 main   .   .   .   .   .   .   .   {
Tue 14 Nov 2023 11:11:11       T:E622F780 main   .   .   .   .   .   .   .   .   Plugin for credential type 'webview' servicing credential id 'samlResponse' returned code 0 (success) when calling method OnFormReceived.
Tue 14 Nov 2023 11:11:11     < T:E622F780 main   .   .   .   .   .   .   .   }
Tue 14 Nov 2023 11:11:11     > T:E622F780 main   .   .   .   .   .   .   .   CChimeraForm::DoesNeedDisplaying
Tue 14 Nov 2023 11:11:11     > T:E622F780 main   .   .   .   .   .   .   .   {
Tue 14 Nov 2023 11:11:11       T:E622F780 main   .   .   .   .   .   .   .   .   No saved credentials retrieved - checking for visible requirements
Tue 14 Nov 2023 11:11:11       T:E622F780 main   .   .   .   .   .   .   .   .   Display: false
Tue 14 Nov 2023 11:11:11     < T:E622F780 main   .   .   .   .   .   .   .   }
Tue 14 Nov 2023 11:11:11       T:E622F780 main   .   .   .   .   .   .   .   The form has no AM renderable elements.
Tue 14 Nov 2023 11:11:11     > T:E622F780 main   .   .   .   .   .   .   .   CFormsSubProtocolPluginHelper::UpdateCredentialsWithCredentialPlugins
Tue 14 Nov 2023 11:11:11     > T:E622F780 main   .   .   .   .   .   .   .   {
Tue 14 Nov 2023 11:11:11     > T:E622F780 main   .   .   .   .   .   .   .   .   CFormsSubProtocolPluginHelper::CredentialPluginsOnFormSubmitted
Tue 14 Nov 2023 11:11:11     > T:E622F780 main   .   .   .   .   .   .   .   .   {
Tue 14 Nov 2023 11:11:11       T:E622F780 main   .   .   .   .   .   .   .   .   .   Calling OnFormSubmitted() for credential id 'samlResponse' type 'webview'
Tue 14 Nov 2023 11:11:11     > T:E622F780 main   .   .   .   .   .   .   .   .   .   CWebviewCredentialHandler::OnFormSubmitted
Tue 14 Nov 2023 11:11:11     > T:E622F780 main   .   .   .   .   .   .   .   .   .   {
Tue 14 Nov 2023 11:11:11     > T:E622F780 main   .   .   .   .   .   .   .   .   .   .   CLinuxUIDialog::CLinuxUIDialog()
Tue 14 Nov 2023 11:11:11     > T:E622F780 main   .   .   .   .   .   .   .   .   .   .   {
Tue 14 Nov 2023 11:11:11     > T:E622F780 main   .   .   .   .   .   .   .   .   .   .   .   void CLinuxUIDialog::LoadUILibrary()
Tue 14 Nov 2023 11:11:11     > T:E622F780 main   .   .   .   .   .   .   .   .   .   .   .   {
Tue 14 Nov 2023 11:11:11       T:E622F780 main   .   .   .   .   .   .   .   .   .   .   .   .   Appending UIDialog user agent string :CWAWEBVIEW/23.9.0.24
Tue 14 Nov 2023 11:11:11       T:E622F780 main   .   .   .   .   .   .   .   .   .   .   .   .   Appending authmanconfig useragent string :CWAWEBVIEW/23.9.0.24
Tue 14 Nov 2023 11:11:11     < T:E622F780 main   .   .   .   .   .   .   .   .   .   .   .   }
Tue 14 Nov 2023 11:11:11     < T:E622F780 main   .   .   .   .   .   .   .   .   .   .   }
Tue 14 Nov 2023 11:11:11     > T:E622F780 main   .   .   .   .   .   .   .   .   .   .   CLinuxWebviewDialog::CLinuxWebviewDialog(AM::COperationContext)
Tue 14 Nov 2023 11:11:11     > T:E622F780 main   .   .   .   .   .   .   .   .   .   .   {
Tue 14 Nov 2023 11:11:11     < T:E622F780 main   .   .   .   .   .   .   .   .   .   .   }
Tue 14 Nov 2023 11:11:11     > T:E622F780 main   .   .   .   .   .   .   .   .   .   .   virtual AM::CWebviewDialog_Result CLinuxWebviewDialog::ShowFormAndWaitForInput(const AM::Networking::CXUrl&, std::__cxx11::wstring, AM::CManualResetEvent&)
Tue 14 Nov 2023 11:11:11     > T:E622F780 main   .   .   .   .   .   .   .   .   .   .   {
Tue 14 Nov 2023 11:11:11       T:E622F780 main   .   .   .   .   .   .   .   .   .   .   .   CLinuxBackgroundDialog::ShowDialogAndWaitForInput
Tue 14 Nov 2023 11:11:11     > T:CBFFF640 UI     const char** CLinuxUIDialog::ShowWebview(const string&, const string&)
Tue 14 Nov 2023 11:11:11     > T:CBFFF640 UI     {
Tue 14 Nov 2023 11:11:11       T:D9001640        enable screen protect = false enable keylogging protect = false
Tue 14 Nov 2023 11:11:11       T:D9001640        Protection not enabled for authman
Tue 14 Nov 2023 11:11:11       T:D9001640        Called focus_in_event_cb
Tue 14 Nov 2023 11:11:42     < T:CBFFF640 UI     }
Tue 14 Nov 2023 11:11:42       T:E622F780 main   .   .   .   .   .   .   .   .   .   .   .   m_CompletionEvent was signaled
Tue 14 Nov 2023 11:11:42     < T:E622F780 main   .   .   .   .   .   .   .   .   .   .   }
Tue 14 Nov 2023 11:11:42       T:E622F780 main   .   .   .   .   .   .   .   .   .   .   The dialogResult is '1'
Tue 14 Nov 2023 11:11:42       T:E622F780 main   .   .   .   .   .   .   .   .   .   .   The dialogResult is WebviewDialogStatus_Submitted
Tue 14 Nov 2023 11:11:42     > T:E622F780 main   .   .   .   .   .   .   .   .   .   .   virtual CLinuxWebviewDialog::~CLinuxWebviewDialog()
Tue 14 Nov 2023 11:11:42     > T:E622F780 main   .   .   .   .   .   .   .   .   .   .   {
Tue 14 Nov 2023 11:11:42     < T:E622F780 main   .   .   .   .   .   .   .   .   .   .   }
Tue 14 Nov 2023 11:11:42     > T:E622F780 main   .   .   .   .   .   .   .   .   .   .   CLinuxBackgroundDialog::~CLinuxBackgroundDialog()
Tue 14 Nov 2023 11:11:42     > T:E622F780 main   .   .   .   .   .   .   .   .   .   .   {
Tue 14 Nov 2023 11:11:42     < T:E622F780 main   .   .   .   .   .   .   .   .   .   .   }
Tue 14 Nov 2023 11:11:42     > T:E622F780 main   .   .   .   .   .   .   .   .   .   .   CLinuxUIDialog::~CLinuxUIDialog()
Tue 14 Nov 2023 11:11:42     > T:E622F780 main   .   .   .   .   .   .   .   .   .   .   {
Tue 14 Nov 2023 11:11:42     < T:E622F780 main   .   .   .   .   .   .   .   .   .   .   }
Tue 14 Nov 2023 11:11:42     < T:E622F780 main   .   .   .   .   .   .   .   .   .   }
Tue 14 Nov 2023 11:11:42       T:E622F780 main   .   .   .   .   .   .   .   .   .   Plugin for credential type 'webview' servicing credential id 'samlResponse' returned code 0 (success) when calling method OnFormSubmitted.
Tue 14 Nov 2023 11:11:42     < T:E622F780 main   .   .   .   .   .   .   .   .   }
Tue 14 Nov 2023 11:11:42     > T:E622F780 main   .   .   .   .   .   .   .   .   CFormsSubProtocolPluginHelper::CredentialPluginsShowAdditionalForms
Tue 14 Nov 2023 11:11:42     > T:E622F780 main   .   .   .   .   .   .   .   .   {
Tue 14 Nov 2023 11:11:42       T:E622F780 main   .   .   .   .   .   .   .   .   .   Plugin for credential type 'webview' servicing credential id 'samlResponse' returned code 0 (success) when calling method GetNextForm.
Tue 14 Nov 2023 11:11:42     < T:E622F780 main   .   .   .   .   .   .   .   .   }
Tue 14 Nov 2023 11:11:42     > T:E622F780 main   .   .   .   .   .   .   .   .   CFormsSubProtocolPluginHelper::CredentialPluginsUpdateValue
Tue 14 Nov 2023 11:11:42     > T:E622F780 main   .   .   .   .   .   .   .   .   {
Tue 14 Nov 2023 11:11:42       T:E622F780 main   .   .   .   .   .   .   .   .   .   Plugin for credential type 'webview' servicing credential id 'samlResponse' returned code 0 (success) when calling method GetValue.
Tue 14 Nov 2023 11:11:42     < T:E622F780 main   .   .   .   .   .   .   .   .   }
Tue 14 Nov 2023 11:11:42     < T:E622F780 main   .   .   .   .   .   .   .   }
Tue 14 Nov 2023 11:11:42     < T:E622F780 main   .   .   .   .   .   .   }
Tue 14 Nov 2023 11:11:42     > T:E622F780 main   .   .   .   .   .   .   CFormsSubProtocolPluginHelper::UpdateCredentialsAndGetNextFormContent
Tue 14 Nov 2023 11:11:42     > T:E622F780 main   .   .   .   .   .   .   {
Tue 14 Nov 2023 11:11:42     < T:E622F780 main   .   .   .   .   .   .   }
Tue 14 Nov 2023 11:11:42       T:E622F780 main   .   .   .   .   .   .   All forms are processed
Tue 14 Nov 2023 11:11:42     > T:E622F780 main   .   .   .   .   .   .   CFormsSubProtocolPluginHelper::FormPluginGetCredentialsToSubmit
Tue 14 Nov 2023 11:11:42     > T:E622F780 main   .   .   .   .   .   .   {
Tue 14 Nov 2023 11:11:42     < T:E622F780 main   .   .   .   .   .   .   }
Tue 14 Nov 2023 11:11:42     > T:E622F780 main   .   .   .   .   .   .   CFormsSubProtocol::SetUpPostRequest
Tue 14 Nov 2023 11:11:42     > T:E622F780 main   .   .   .   .   .   .   {
Tue 14 Nov 2023 11:11:42       T:E622F780 main   .   .   .   .   .   .   .   url=https://office.rku-it.de/nf/auth/webview/done
Tue 14 Nov 2023 11:11:42     > T:E622F780 main   .   .   .   .   .   .   .   CFormsSubProtocol::CreateHttpTransactionChain
Tue 14 Nov 2023 11:11:42     > T:E622F780 main   .   .   .   .   .   .   .   {
Tue 14 Nov 2023 11:11:42     > T:E622F780 main   .   .   .   .   .   .   .   .   AM::Networking::CLinuxHttpTransaction::CLinuxHttpTransaction(AM::CAMSSLContext::Sptr)
Tue 14 Nov 2023 11:11:42     > T:E622F780 main   .   .   .   .   .   .   .   .   {
Tue 14 Nov 2023 11:11:42       T:E622F780 main   .   .   .   .   .   .   .   .   .   virtual const wstring AM::CLinuxSSLContext::GetDebugState() const
Tue 14 Nov 2023 11:11:42       T:E622F780 main   .   .   .   .   .   .   .   .   .   CLinuxHttpTransaction::SetSSLContext: Server: '' State: 'ClientCertificate_Unset' Certificate: '(none)'
Tue 14 Nov 2023 11:11:42     < T:E622F780 main   .   .   .   .   .   .   .   .   }
Tue 14 Nov 2023 11:11:42     > T:E622F780 main   .   .   .   .   .   .   .   .   CFormsSubProtocol::WrapForClientCertAuthIfNeeded
Tue 14 Nov 2023 11:11:42     > T:E622F780 main   .   .   .   .   .   .   .   .   {
Tue 14 Nov 2023 11:11:42       T:E622F780 main   .   .   .   .   .   .   .   .   .   Wrapping for client cert auth
Tue 14 Nov 2023 11:11:42     < T:E622F780 main   .   .   .   .   .   .   .   .   }
Tue 14 Nov 2023 11:11:42       T:E622F780 main   .   .   .   .   .   .   .   .   CTranslatingHttpTransaction::~CTranslatingHttpTransaction
Tue 14 Nov 2023 11:11:42     < T:E622F780 main   .   .   .   .   .   .   .   }
Tue 14 Nov 2023 11:11:42     > T:E622F780 main   .   .   .   .   .   .   .   CTranslatingHttpTransaction::SetUrl directUrl=https://office.rku-it.de/nf/auth/webview/done
Tue 14 Nov 2023 11:11:42     > T:E622F780 main   .   .   .   .   .   .   .   {
Tue 14 Nov 2023 11:11:42     < T:E622F780 main   .   .   .   .   .   .   .   }
Tue 14 Nov 2023 11:11:42     < T:E622F780 main   .   .   .   .   .   .   }
Tue 14 Nov 2023 11:11:42     < T:E622F780 main   .   .   .   .   .   }
Tue 14 Nov 2023 11:11:42     < T:E622F780 main   .   .   .   .   }
Tue 14 Nov 2023 11:11:42     < T:E622F780 main   .   .   .   }
Tue 14 Nov 2023 11:11:42       T:E622F780 main   .   .   .   Making the next request to the server
Tue 14 Nov 2023 11:11:42     > T:E622F780 main   .   .   .   CTranslatingHttpTransaction::SendAndReceive - direct connection
Tue 14 Nov 2023 11:11:42     > T:E622F780 main   .   .   .   {
Tue 14 Nov 2023 11:11:42       T:E622F780 main   .   .   .   .   actual url='https://office.rku-it.de/nf/auth/webview/done'
Tue 14 Nov 2023 11:11:42     > T:E622F780 main   .   .   .   .   CFormsSubProtocol::CertAuthHttpWrapper::SendAndReceive
Tue 14 Nov 2023 11:11:42     > T:E622F780 main   .   .   .   .   {
Tue 14 Nov 2023 11:11:42       T:E622F780 main   .   .   .   .   .   virtual const wstring AM::CLinuxSSLContext::GetDebugState() const
Tue 14 Nov 2023 11:11:42       T:E622F780 main   .   .   .   .   .   CLinuxHttpTransaction::SetSSLContext: Server: 'https://office.rku-it.de/' State: 'ClientCertificate_Unset' Certificate: '(none)'
Tue 14 Nov 2023 11:11:42     > T:E622F780 main   .   .   .   .   .   CHttpTransactionBase::SendAndReceive
Tue 14 Nov 2023 11:11:42     > T:E622F780 main   .   .   .   .   .   {
Tue 14 Nov 2023 11:11:42     > T:E622F780 main   .   .   .   .   .   .   virtual std::__cxx11::wstring AM::Networking::CWrappedComCookieJar::GetCookieHeaderValue(const AM::Networking::CXUrl&)
Tue 14 Nov 2023 11:11:42     > T:E622F780 main   .   .   .   .   .   .   {
Tue 14 Nov 2023 11:11:42     < T:E622F780 main   .   .   .   .   .   .   }
Tue 14 Nov 2023 11:11:42     > T:E622F780 main   .   .   .   .   .   .   virtual void AM::Networking::CLinuxHttpTransaction::CheckedSendAndReceive()
Tue 14 Nov 2023 11:11:42     > T:E622F780 main   .   .   .   .   .   .   {
Tue 14 Nov 2023 11:11:43       T:E622F780 main   .   .   .   .   .   .   .   CheckedSendAndReceive client cert none
Tue 14 Nov 2023 11:11:43       T:E622F780 main   .   .   .   .   .   .   .   HTTP status from curl: 200
Tue 14 Nov 2023 11:11:43     > T:E622F780 main   .   .   .   .   .   .   .   void AM::Networking::CLinuxHttpTransaction::parseHeaders(const wchar_t*)
Tue 14 Nov 2023 11:11:43     > T:E622F780 main   .   .   .   .   .   .   .   {
Tue 14 Nov 2023 11:11:43       T:E622F780 main   .   .   .   .   .   .   .   .   Parsed status from curl is 200
Tue 14 Nov 2023 11:11:43     < T:E622F780 main   .   .   .   .   .   .   .   }
Tue 14 Nov 2023 11:11:43       T:E622F780 main   .   .   .   .   .   .   .   connection to same server, cert chain already verified
Tue 14 Nov 2023 11:11:43     < T:E622F780 main   .   .   .   .   .   .   }
Tue 14 Nov 2023 11:11:43     > T:E622F780 main   .   .   .   .   .   .   virtual AM::ICertificate::Cptr AM::Networking::CLinuxHttpTransaction::GetServerCertificateDerived()
Tue 14 Nov 2023 11:11:43     > T:E622F780 main   .   .   .   .   .   .   {
Tue 14 Nov 2023 11:11:43     < T:E622F780 main   .   .   .   .   .   .   }
Tue 14 Nov 2023 11:11:43     > T:E622F780 main   .   .   .   .   .   .   virtual void AM::Networking::CWrappedComCookieJar::AddCookiesFromSetCookieHeaderValues(const AM::Networking::CXUrl&, const std::vector<std::__cxx11::basic_string<wchar_t> >&)
Tue 14 Nov 2023 11:11:43     > T:E622F780 main   .   .   .   .   .   .   {
Tue 14 Nov 2023 11:11:43     < T:E622F780 main   .   .   .   .   .   .   }
Tue 14 Nov 2023 11:11:43     < T:E622F780 main   .   .   .   .   .   }
Tue 14 Nov 2023 11:11:43     < T:E622F780 main   .   .   .   .   }
Tue 14 Nov 2023 11:11:43     < T:E622F780 main   .   .   .   }
Tue 14 Nov 2023 11:11:43     > T:E622F780 main   .   .   .   CFormsSubProtocol::ProcessServerResponse
Tue 14 Nov 2023 11:11:43     > T:E622F780 main   .   .   .   {
Tue 14 Nov 2023 11:11:43       T:E622F780 main   .   .   .   .   httpStatus=200
Tue 14 Nov 2023 11:11:43     > T:E622F780 main   .   .   .   .   CFormsSubProtocol::Http200Received; content-type='application/vnd.citrix.authenticateresponse-1+xml; charset=utf-8'
Tue 14 Nov 2023 11:11:43     > T:E622F780 main   .   .   .   .   {
Tue 14 Nov 2023 11:11:43     > T:E622F780 main   .   .   .   .   .   CChimeraForm::CChimeraForm
Tue 14 Nov 2023 11:11:43     > T:E622F780 main   .   .   .   .   .   {
Tue 14 Nov 2023 11:11:43       T:E622F780 main   .   .   .   .   .   .   status=success
Tue 14 Nov 2023 11:11:43       T:E622F780 main   .   .   .   .   .   .   StateContext=none
Tue 14 Nov 2023 11:11:43       T:E622F780 main   .   .   .   .   .   .   result=more-info
Tue 14 Nov 2023 11:11:43     > T:E622F780 main   .   .   .   .   .   .   CChimeraForm::ParsePostBackAndCancelUrls
Tue 14 Nov 2023 11:11:43     > T:E622F780 main   .   .   .   .   .   .   {
Tue 14 Nov 2023 11:11:43       T:E622F780 main   .   .   .   .   .   .   .   PostBackUrl=https://office.rku-it.de/p/u/setClient.do
Tue 14 Nov 2023 11:11:43       T:E622F780 main   .   .   .   .   .   .   .   CancelPostBackUrl=https://office.rku-it.de/p/u/doLogoff.do
Tue 14 Nov 2023 11:11:43     < T:E622F780 main   .   .   .   .   .   .   }
Tue 14 Nov 2023 11:11:43     > T:E622F780 main   .   .   .   .   .   .   CChimeraRequirement
Tue 14 Nov 2023 11:11:43     > T:E622F780 main   .   .   .   .   .   .   {
Tue 14 Nov 2023 11:11:43       T:E622F780 main   .   .   .   .   .   .   .   CredentialID=nsg-setclient
Tue 14 Nov 2023 11:11:43       T:E622F780 main   .   .   .   .   .   .   .   CredentialType=none
Tue 14 Nov 2023 11:11:43       T:E622F780 main   .   .   .   .   .   .   .   Hidden credential=true
Tue 14 Nov 2023 11:11:43       T:E622F780 main   .   .   .   .   .   .   .   LabelType=none
Tue 14 Nov 2023 11:11:43     < T:E622F780 main   .   .   .   .   .   .   }
Tue 14 Nov 2023 11:11:43     < T:E622F780 main   .   .   .   .   .   }
Tue 14 Nov 2023 11:11:43     > T:E622F780 main   .   .   .   .   .   CFormsSubProtocolPluginHelper::LoadFormHandlerPlugin
Tue 14 Nov 2023 11:11:43     > T:E622F780 main   .   .   .   .   .   {
Tue 14 Nov 2023 11:11:43     < T:E622F780 main   .   .   .   .   .   }
Tue 14 Nov 2023 11:11:43     > T:E622F780 main   .   .   .   .   .   CFormsSubProtocolPluginHelper::FormHandlerModifyForm
Tue 14 Nov 2023 11:11:43     > T:E622F780 main   .   .   .   .   .   {
Tue 14 Nov 2023 11:11:43     < T:E622F780 main   .   .   .   .   .   }
Tue 14 Nov 2023 11:11:43     > T:E622F780 main   .   .   .   .   .   ThrowIfNotStatusSuccess status='success'
Tue 14 Nov 2023 11:11:43     > T:E622F780 main   .   .   .   .   .   {
Tue 14 Nov 2023 11:11:43     < T:E622F780 main   .   .   .   .   .   }
Tue 14 Nov 2023 11:11:43     > T:E622F780 main   .   .   .   .   .   CSavedCredentialsManager::OnFormReceived
Tue 14 Nov 2023 11:11:43     > T:E622F780 main   .   .   .   .   .   {
Tue 14 Nov 2023 11:11:43       T:E622F780 main   .   .   .   .   .   .   form result=more-info
Tue 14 Nov 2023 11:11:43     > T:E622F780 main   .   .   .   .   .   .   CSavedCredentialsManager::DetectInvalidOnDiskCredentials
Tue 14 Nov 2023 11:11:43     > T:E622F780 main   .   .   .   .   .   .   {
Tue 14 Nov 2023 11:11:43     < T:E622F780 main   .   .   .   .   .   .   }
Tue 14 Nov 2023 11:11:43     > T:E622F780 main   .   .   .   .   .   .   CSavedCredentialsManager::UpdateDisplaySavePasswordCheckbox
Tue 14 Nov 2023 11:11:43     > T:E622F780 main   .   .   .   .   .   .   {
Tue 14 Nov 2023 11:11:43       T:E622F780 main   .   .   .   .   .   .   .   Security policy disallows checkbox
Tue 14 Nov 2023 11:11:43     < T:E622F780 main   .   .   .   .   .   .   }
Tue 14 Nov 2023 11:11:43     < T:E622F780 main   .   .   .   .   .   }
Tue 14 Nov 2023 11:11:43     > T:E622F780 main   .   .   .   .   .   CFormsSubProtocol::FormHandlerLoop
Tue 14 Nov 2023 11:11:43     > T:E622F780 main   .   .   .   .   .   {
Tue 14 Nov 2023 11:11:43       T:E622F780 main   .   .   .   .   .   .   Processing the form from server
Tue 14 Nov 2023 11:11:43     > T:E622F780 main   .   .   .   .   .   .   CFormsSubProtocol::ProcessForm
Tue 14 Nov 2023 11:11:43     > T:E622F780 main   .   .   .   .   .   .   {
Tue 14 Nov 2023 11:11:43     > T:E622F780 main   .   .   .   .   .   .   .   CFormsSubProtocol::AddReadonlyRequirementsToPostData
Tue 14 Nov 2023 11:11:43     > T:E622F780 main   .   .   .   .   .   .   .   {
Tue 14 Nov 2023 11:11:43       T:E622F780 main   .   .   .   .   .   .   .   .   Added 0 read-only requirements to the post data
Tue 14 Nov 2023 11:11:43     < T:E622F780 main   .   .   .   .   .   .   .   }
Tue 14 Nov 2023 11:11:43     > T:E622F780 main   .   .   .   .   .   .   .   CFormsSubProtocol::AddHiddenRequirementsToPostData
Tue 14 Nov 2023 11:11:43     > T:E622F780 main   .   .   .   .   .   .   .   {
Tue 14 Nov 2023 11:11:43       T:E622F780 main   .   .   .   .   .   .   .   .   Added 1 hidden requirements to the post data
Tue 14 Nov 2023 11:11:43     < T:E622F780 main   .   .   .   .   .   .   .   }
Tue 14 Nov 2023 11:11:43     > T:E622F780 main   .   .   .   .   .   .   .   CSavedCredentialsManager::RetrieveSavedCredentials
Tue 14 Nov 2023 11:11:43     > T:E622F780 main   .   .   .   .   .   .   .   {
Tue 14 Nov 2023 11:11:43       T:E622F780 main   .   .   .   .   .   .   .   .   RETRIEVED_nothing - form has no save checkbox
Tue 14 Nov 2023 11:11:43     < T:E622F780 main   .   .   .   .   .   .   .   }
Tue 14 Nov 2023 11:11:43     > T:E622F780 main   .   .   .   .   .   .   .   CRememberUsernameManager::PrepopulateForm
Tue 14 Nov 2023 11:11:43     > T:E622F780 main   .   .   .   .   .   .   .   {
Tue 14 Nov 2023 11:11:43     < T:E622F780 main   .   .   .   .   .   .   .   }
Tue 14 Nov 2023 11:11:43     > T:E622F780 main   .   .   .   .   .   .   .   CFormsSubProtocolPluginHelper::LoadCredentialHandlerPlugins
Tue 14 Nov 2023 11:11:43     > T:E622F780 main   .   .   .   .   .   .   .   {
Tue 14 Nov 2023 11:11:43       T:E622F780 main   .   .   .   .   .   .   .   .   CWebviewCredentialHandler destructor.
Tue 14 Nov 2023 11:11:43     > T:E622F780 main   .   .   .   .   .   .   .   .   CFormsSubProtocolPluginHelper::LoadCredentialHandlersForForm
Tue 14 Nov 2023 11:11:43     > T:E622F780 main   .   .   .   .   .   .   .   .   {
Tue 14 Nov 2023 11:11:43     < T:E622F780 main   .   .   .   .   .   .   .   .   }
Tue 14 Nov 2023 11:11:43     > T:E622F780 main   .   .   .   .   .   .   .   .   CFormsSubProtocolPluginHelper::ParseCreateWebviewHandlers
Tue 14 Nov 2023 11:11:43     > T:E622F780 main   .   .   .   .   .   .   .   .   {
Tue 14 Nov 2023 11:11:43     < T:E622F780 main   .   .   .   .   .   .   .   .   }
Tue 14 Nov 2023 11:11:43     < T:E622F780 main   .   .   .   .   .   .   .   }
Tue 14 Nov 2023 11:11:43     > T:E622F780 main   .   .   .   .   .   .   .   FillInSoftTokenCredentials
Tue 14 Nov 2023 11:11:43     > T:E622F780 main   .   .   .   .   .   .   .   {
Tue 14 Nov 2023 11:11:43     > T:E622F780 main   .   .   .   .   .   .   .   .   CSoftTokenIntegration::TryHandleForm
Tue 14 Nov 2023 11:11:43     > T:E622F780 main   .   .   .   .   .   .   .   .   {
Tue 14 Nov 2023 11:11:43     > T:E622F780 main   .   .   .   .   .   .   .   .   .   IRsaForm::Create
Tue 14 Nov 2023 11:11:43     > T:E622F780 main   .   .   .   .   .   .   .   .   .   {
Tue 14 Nov 2023 11:11:43     < T:E622F780 main   .   .   .   .   .   .   .   .   .   }
Tue 14 Nov 2023 11:11:43       T:E622F780 main   .   .   .   .   .   .   .   .   .   Not an rsa-* form - not handled
Tue 14 Nov 2023 11:11:43     < T:E622F780 main   .   .   .   .   .   .   .   .   }
Tue 14 Nov 2023 11:11:43       T:E622F780 main   .   .   .   .   .   .   .   .   The form is not being handled by the soft token integration.
Tue 14 Nov 2023 11:11:43     < T:E622F780 main   .   .   .   .   .   .   .   }
Tue 14 Nov 2023 11:11:43     > T:E622F780 main   .   .   .   .   .   .   .   CFormsSubProtocolPluginHelper::CredentialPluginsOnFormReceived
Tue 14 Nov 2023 11:11:43     > T:E622F780 main   .   .   .   .   .   .   .   {
Tue 14 Nov 2023 11:11:43     < T:E622F780 main   .   .   .   .   .   .   .   }
Tue 14 Nov 2023 11:11:43     > T:E622F780 main   .   .   .   .   .   .   .   CChimeraForm::DoesNeedDisplaying
Tue 14 Nov 2023 11:11:43     > T:E622F780 main   .   .   .   .   .   .   .   {
Tue 14 Nov 2023 11:11:43       T:E622F780 main   .   .   .   .   .   .   .   .   No saved credentials retrieved - checking for visible requirements
Tue 14 Nov 2023 11:11:43       T:E622F780 main   .   .   .   .   .   .   .   .   Display: false
Tue 14 Nov 2023 11:11:43     < T:E622F780 main   .   .   .   .   .   .   .   }
Tue 14 Nov 2023 11:11:43       T:E622F780 main   .   .   .   .   .   .   .   The form has no AM renderable elements.
Tue 14 Nov 2023 11:11:43     > T:E622F780 main   .   .   .   .   .   .   .   CFormsSubProtocolPluginHelper::UpdateCredentialsWithCredentialPlugins
Tue 14 Nov 2023 11:11:43     > T:E622F780 main   .   .   .   .   .   .   .   {
Tue 14 Nov 2023 11:11:43     > T:E622F780 main   .   .   .   .   .   .   .   .   CFormsSubProtocolPluginHelper::CredentialPluginsOnFormSubmitted
Tue 14 Nov 2023 11:11:43     > T:E622F780 main   .   .   .   .   .   .   .   .   {
Tue 14 Nov 2023 11:11:43     < T:E622F780 main   .   .   .   .   .   .   .   .   }
Tue 14 Nov 2023 11:11:43     > T:E622F780 main   .   .   .   .   .   .   .   .   CFormsSubProtocolPluginHelper::CredentialPluginsShowAdditionalForms
Tue 14 Nov 2023 11:11:43     > T:E622F780 main   .   .   .   .   .   .   .   .   {
Tue 14 Nov 2023 11:11:43     < T:E622F780 main   .   .   .   .   .   .   .   .   }
Tue 14 Nov 2023 11:11:43     > T:E622F780 main   .   .   .   .   .   .   .   .   CFormsSubProtocolPluginHelper::CredentialPluginsUpdateValue
Tue 14 Nov 2023 11:11:43     > T:E622F780 main   .   .   .   .   .   .   .   .   {
Tue 14 Nov 2023 11:11:43     < T:E622F780 main   .   .   .   .   .   .   .   .   }
Tue 14 Nov 2023 11:11:43     < T:E622F780 main   .   .   .   .   .   .   .   }
Tue 14 Nov 2023 11:11:43     < T:E622F780 main   .   .   .   .   .   .   }
Tue 14 Nov 2023 11:11:43     > T:E622F780 main   .   .   .   .   .   .   CFormsSubProtocolPluginHelper::UpdateCredentialsAndGetNextFormContent
Tue 14 Nov 2023 11:11:43     > T:E622F780 main   .   .   .   .   .   .   {
Tue 14 Nov 2023 11:11:43     < T:E622F780 main   .   .   .   .   .   .   }
Tue 14 Nov 2023 11:11:43       T:E622F780 main   .   .   .   .   .   .   All forms are processed
Tue 14 Nov 2023 11:11:43     > T:E622F780 main   .   .   .   .   .   .   CFormsSubProtocolPluginHelper::FormPluginGetCredentialsToSubmit
Tue 14 Nov 2023 11:11:43     > T:E622F780 main   .   .   .   .   .   .   {
Tue 14 Nov 2023 11:11:43     < T:E622F780 main   .   .   .   .   .   .   }
Tue 14 Nov 2023 11:11:43     > T:E622F780 main   .   .   .   .   .   .   CFormsSubProtocol::SetUpPostRequest
Tue 14 Nov 2023 11:11:43     > T:E622F780 main   .   .   .   .   .   .   {
Tue 14 Nov 2023 11:11:43       T:E622F780 main   .   .   .   .   .   .   .   url=https://office.rku-it.de/p/u/setClient.do
Tue 14 Nov 2023 11:11:43     > T:E622F780 main   .   .   .   .   .   .   .   CFormsSubProtocol::CreateHttpTransactionChain
Tue 14 Nov 2023 11:11:43     > T:E622F780 main   .   .   .   .   .   .   .   {
Tue 14 Nov 2023 11:11:43     > T:E622F780 main   .   .   .   .   .   .   .   .   AM::Networking::CLinuxHttpTransaction::CLinuxHttpTransaction(AM::CAMSSLContext::Sptr)
Tue 14 Nov 2023 11:11:43     > T:E622F780 main   .   .   .   .   .   .   .   .   {
Tue 14 Nov 2023 11:11:43       T:E622F780 main   .   .   .   .   .   .   .   .   .   virtual const wstring AM::CLinuxSSLContext::GetDebugState() const
Tue 14 Nov 2023 11:11:43       T:E622F780 main   .   .   .   .   .   .   .   .   .   CLinuxHttpTransaction::SetSSLContext: Server: '' State: 'ClientCertificate_Unset' Certificate: '(none)'
Tue 14 Nov 2023 11:11:43     < T:E622F780 main   .   .   .   .   .   .   .   .   }
Tue 14 Nov 2023 11:11:43     > T:E622F780 main   .   .   .   .   .   .   .   .   CFormsSubProtocol::WrapForClientCertAuthIfNeeded
Tue 14 Nov 2023 11:11:43     > T:E622F780 main   .   .   .   .   .   .   .   .   {
Tue 14 Nov 2023 11:11:43       T:E622F780 main   .   .   .   .   .   .   .   .   .   Wrapping for client cert auth
Tue 14 Nov 2023 11:11:43     < T:E622F780 main   .   .   .   .   .   .   .   .   }
Tue 14 Nov 2023 11:11:43       T:E622F780 main   .   .   .   .   .   .   .   .   CTranslatingHttpTransaction::~CTranslatingHttpTransaction
Tue 14 Nov 2023 11:11:43     < T:E622F780 main   .   .   .   .   .   .   .   }
Tue 14 Nov 2023 11:11:43     > T:E622F780 main   .   .   .   .   .   .   .   CTranslatingHttpTransaction::SetUrl directUrl=https://office.rku-it.de/p/u/setClient.do
Tue 14 Nov 2023 11:11:43     > T:E622F780 main   .   .   .   .   .   .   .   {
Tue 14 Nov 2023 11:11:43     < T:E622F780 main   .   .   .   .   .   .   .   }
Tue 14 Nov 2023 11:11:43     < T:E622F780 main   .   .   .   .   .   .   }
Tue 14 Nov 2023 11:11:43     < T:E622F780 main   .   .   .   .   .   }
Tue 14 Nov 2023 11:11:43     < T:E622F780 main   .   .   .   .   }
Tue 14 Nov 2023 11:11:43     < T:E622F780 main   .   .   .   }
Tue 14 Nov 2023 11:11:43       T:E622F780 main   .   .   .   Making the next request to the server
Tue 14 Nov 2023 11:11:43     > T:E622F780 main   .   .   .   CTranslatingHttpTransaction::SendAndReceive - direct connection
Tue 14 Nov 2023 11:11:43     > T:E622F780 main   .   .   .   {
Tue 14 Nov 2023 11:11:43       T:E622F780 main   .   .   .   .   actual url='https://office.rku-it.de/p/u/setClient.do'
Tue 14 Nov 2023 11:11:43     > T:E622F780 main   .   .   .   .   CFormsSubProtocol::CertAuthHttpWrapper::SendAndReceive
Tue 14 Nov 2023 11:11:43     > T:E622F780 main   .   .   .   .   {
Tue 14 Nov 2023 11:11:43       T:E622F780 main   .   .   .   .   .   virtual const wstring AM::CLinuxSSLContext::GetDebugState() const
Tue 14 Nov 2023 11:11:43       T:E622F780 main   .   .   .   .   .   CLinuxHttpTransaction::SetSSLContext: Server: 'https://office.rku-it.de/' State: 'ClientCertificate_Unset' Certificate: '(none)'
Tue 14 Nov 2023 11:11:43     > T:E622F780 main   .   .   .   .   .   CHttpTransactionBase::SendAndReceive
Tue 14 Nov 2023 11:11:43     > T:E622F780 main   .   .   .   .   .   {
Tue 14 Nov 2023 11:11:43     > T:E622F780 main   .   .   .   .   .   .   virtual std::__cxx11::wstring AM::Networking::CWrappedComCookieJar::GetCookieHeaderValue(const AM::Networking::CXUrl&)
Tue 14 Nov 2023 11:11:43     > T:E622F780 main   .   .   .   .   .   .   {
Tue 14 Nov 2023 11:11:43     < T:E622F780 main   .   .   .   .   .   .   }
Tue 14 Nov 2023 11:11:43     > T:E622F780 main   .   .   .   .   .   .   virtual void AM::Networking::CLinuxHttpTransaction::CheckedSendAndReceive()
Tue 14 Nov 2023 11:11:43     > T:E622F780 main   .   .   .   .   .   .   {
Tue 14 Nov 2023 11:11:43       T:E622F780 main   .   .   .   .   .   .   .   CheckedSendAndReceive client cert none
Tue 14 Nov 2023 11:11:43       T:E622F780 main   .   .   .   .   .   .   .   HTTP status from curl: 200
Tue 14 Nov 2023 11:11:43     > T:E622F780 main   .   .   .   .   .   .   .   void AM::Networking::CLinuxHttpTransaction::parseHeaders(const wchar_t*)
Tue 14 Nov 2023 11:11:43     > T:E622F780 main   .   .   .   .   .   .   .   {
Tue 14 Nov 2023 11:11:43       T:E622F780 main   .   .   .   .   .   .   .   .   Parsed status from curl is 200
Tue 14 Nov 2023 11:11:43     < T:E622F780 main   .   .   .   .   .   .   .   }
Tue 14 Nov 2023 11:11:43       T:E622F780 main   .   .   .   .   .   .   .   connection to same server, cert chain already verified
Tue 14 Nov 2023 11:11:43     < T:E622F780 main   .   .   .   .   .   .   }
Tue 14 Nov 2023 11:11:43     > T:E622F780 main   .   .   .   .   .   .   virtual AM::ICertificate::Cptr AM::Networking::CLinuxHttpTransaction::GetServerCertificateDerived()
Tue 14 Nov 2023 11:11:43     > T:E622F780 main   .   .   .   .   .   .   {
Tue 14 Nov 2023 11:11:43     < T:E622F780 main   .   .   .   .   .   .   }
Tue 14 Nov 2023 11:11:43     > T:E622F780 main   .   .   .   .   .   .   virtual void AM::Networking::CWrappedComCookieJar::AddCookiesFromSetCookieHeaderValues(const AM::Networking::CXUrl&, const std::vector<std::__cxx11::basic_string<wchar_t> >&)
Tue 14 Nov 2023 11:11:43     > T:E622F780 main   .   .   .   .   .   .   {
Tue 14 Nov 2023 11:11:43     < T:E622F780 main   .   .   .   .   .   .   }
Tue 14 Nov 2023 11:11:43     < T:E622F780 main   .   .   .   .   .   }
Tue 14 Nov 2023 11:11:43     < T:E622F780 main   .   .   .   .   }
Tue 14 Nov 2023 11:11:43     < T:E622F780 main   .   .   .   }
Tue 14 Nov 2023 11:11:43     > T:E622F780 main   .   .   .   CFormsSubProtocol::ProcessServerResponse
Tue 14 Nov 2023 11:11:43     > T:E622F780 main   .   .   .   {
Tue 14 Nov 2023 11:11:43       T:E622F780 main   .   .   .   .   httpStatus=200
Tue 14 Nov 2023 11:11:43     > T:E622F780 main   .   .   .   .   CFormsSubProtocol::Http200Received; content-type='application/vnd.citrix.gatewaysession-1+xml; charset=utf-8'
Tue 14 Nov 2023 11:11:43     > T:E622F780 main   .   .   .   .   {
Tue 14 Nov 2023 11:11:43       T:E622F780 main   .   .   .   .   .   End of forms content type received
Tue 14 Nov 2023 11:11:43     > T:E622F780 main   .   .   .   .   .   CFormsSubProtocol::SubProtocolSucceeded
Tue 14 Nov 2023 11:11:43     > T:E622F780 main   .   .   .   .   .   {
Tue 14 Nov 2023 11:11:43     > T:E622F780 main   .   .   .   .   .   .   CSavedCredentialsManager::OnAuthenticationSucceeded
Tue 14 Nov 2023 11:11:43     > T:E622F780 main   .   .   .   .   .   .   {
Tue 14 Nov 2023 11:11:43       T:E622F780 main   .   .   .   .   .   .   .   On disk credentials are already empty
Tue 14 Nov 2023 11:11:43     < T:E622F780 main   .   .   .   .   .   .   }
Tue 14 Nov 2023 11:11:43     > T:E622F780 main   .   .   .   .   .   .   CRememberUsernameManager::OnAuthenticationSucceeded
Tue 14 Nov 2023 11:11:43     > T:E622F780 main   .   .   .   .   .   .   {
Tue 14 Nov 2023 11:11:43     < T:E622F780 main   .   .   .   .   .   .   }
Tue 14 Nov 2023 11:11:43       T:E622F780 main   .   .   .   .   .   .   CFormsSubProtocol::GetSavedCredentialsKey key=
Tue 14 Nov 2023 11:11:43     > T:E622F780 main   .   .   .   .   .   .   CAGFormsAuthImpl::OnSubProtocolComplete
Tue 14 Nov 2023 11:11:43     > T:E622F780 main   .   .   .   .   .   .   {
Tue 14 Nov 2023 11:11:43     > T:E622F780 main   .   .   .   .   .   .   .   CAGFormsAuthImpl::PerformAgeePostAmble
Tue 14 Nov 2023 11:11:43     > T:E622F780 main   .   .   .   .   .   .   .   {
Tue 14 Nov 2023 11:11:43       T:E622F780 main   .   .   .   .   .   .   .   .   UrlRewriteRule=sg
Tue 14 Nov 2023 11:11:43       T:E622F780 main   .   .   .   .   .   .   .   .   fullVpn=false
Tue 14 Nov 2023 11:11:43       T:E622F780 main   .   .   .   .   .   .   .   .   logoffPath=/nf/auth/doLogoff.do
Tue 14 Nov 2023 11:11:43       T:E622F780 main   .   .   .   .   .   .   .   .   secureBrowsePrefix=/securebrowse
Tue 14 Nov 2023 11:11:43     > T:E622F780 main   .   .   .   .   .   .   .   .   CAGFormsAuthImpl::GetMinimallyCardDependentSslContext
Tue 14 Nov 2023 11:11:43     > T:E622F780 main   .   .   .   .   .   .   .   .   {
Tue 14 Nov 2023 11:11:43       T:E622F780 main   .   .   .   .   .   .   .   .   .   Client cert auth is not needed - returning null
Tue 14 Nov 2023 11:11:43     < T:E622F780 main   .   .   .   .   .   .   .   .   }
Tue 14 Nov 2023 11:11:43     < T:E622F780 main   .   .   .   .   .   .   .   }
Tue 14 Nov 2023 11:11:43     > T:E622F780 main   .   .   .   .   .   .   .   CHttpUtils::ExtractCookieFromResponseHeaders cookieName=NSC_AAAC
Tue 14 Nov 2023 11:11:43     > T:E622F780 main   .   .   .   .   .   .   .   {
Tue 14 Nov 2023 11:11:43     > T:E622F780 main   .   .   .   .   .   .   .   .   CHttpUtils::TryExtractCookieFromResponseHeaders cookieName=NSC_AAAC
Tue 14 Nov 2023 11:11:43     > T:E622F780 main   .   .   .   .   .   .   .   .   {
Tue 14 Nov 2023 11:11:43       T:E622F780 main   .   .   .   .   .   .   .   .   .   result=true
Tue 14 Nov 2023 11:11:43     < T:E622F780 main   .   .   .   .   .   .   .   .   }
Tue 14 Nov 2023 11:11:43     < T:E622F780 main   .   .   .   .   .   .   .   }
Tue 14 Nov 2023 11:11:43     < T:E622F780 main   .   .   .   .   .   .   }
Tue 14 Nov 2023 11:11:43     < T:E622F780 main   .   .   .   .   .   }
Tue 14 Nov 2023 11:11:43     < T:E622F780 main   .   .   .   .   }
Tue 14 Nov 2023 11:11:43     < T:E622F780 main   .   .   .   }
Tue 14 Nov 2023 11:11:43     < T:E622F780 main   .   .   }
Tue 14 Nov 2023 11:11:43     > T:E622F780 main   .   .   CFormsSubProtocol::~CFormsSubProtocol
Tue 14 Nov 2023 11:11:43     > T:E622F780 main   .   .   {
Tue 14 Nov 2023 11:11:43     < T:E622F780 main   .   .   }
Tue 14 Nov 2023 11:11:43       T:E622F780 main   .   .   CTranslatingHttpTransaction::~CTranslatingHttpTransaction
Tue 14 Nov 2023 11:11:43       T:E622F780 main   .   .   agAuthData=Session cookie='NSC_AAAC=(65 chars)' Session gateway='https://office.rku-it.de/' Proxy mode='SG' SessionVpnCapability='NOT_VPN_CAPABLE' LogoffPath='/nf/auth/doLogoff.do' SecureBrowsePrefix='/securebrowse'
Tue 14 Nov 2023 11:11:43       T:E622F780 main   .   .   m_AuthenticationResult=LogonResult_Success
Tue 14 Nov 2023 11:11:43       T:E622F780 main   .   .   m_SavedCredentialsKey=
Tue 14 Nov 2023 11:11:43     < T:E622F780 main   .   }
Tue 14 Nov 2023 11:11:43     < T:E622F780 main   }
Tue 14 Nov 2023 11:11:43       T:E622F780 main   Server terminating
===========================================
Ending tracing
===========================================
