===========================================
Starting tracing

PrimaryAuthManager Version: ...SF. (Release)

Platform: Linux

Time now: Mon 27 Nov 2023 11:08:54 UTC

Local time now: Mon 27 Nov 2023 11:08:54

Module: /opt/Citrix/ICAClient/PrimaryAuthManager

Module start time: Mon 27 Nov 2023 11:08:54 UTC

Module start local time: Mon 27 Nov 2023 11:08:54

===========================================
Mon 27 Nov 2023 11:08:54     > T:E4E3F780 main   Configuration:
Mon 27 Nov 2023 11:08:54     > T:E4E3F780 main   {
Mon 27 Nov 2023 11:08:54       T:E4E3F780 main   .   TracingEnabled=true
Mon 27 Nov 2023 11:08:54       T:E4E3F780 main   .   LoggingMode=normal
Mon 27 Nov 2023 11:08:54       T:E4E3F780 main   .   RequestSecondaryTokenLifetimeDHMS=0.01:00:00
Mon 27 Nov 2023 11:08:54       T:E4E3F780 main   .   RequestPrimaryTokenLifetimeDHMS=0.20:00:00
Mon 27 Nov 2023 11:08:54       T:E4E3F780 main   .   MinimumRefreshIntervalDHMS=0.00:10:00
Mon 27 Nov 2023 11:08:54       T:E4E3F780 main   .   RefreshRetryIntervalDHMS=0.00:10:00
Mon 27 Nov 2023 11:08:54       T:E4E3F780 main   .   RefreshMode=on
Mon 27 Nov 2023 11:08:54       T:E4E3F780 main   .   RefreshAtTokenLifetimePercentage=50
Mon 27 Nov 2023 11:08:54       T:E4E3F780 main   .   ServerTerminationMode=never
Mon 27 Nov 2023 11:08:54       T:E4E3F780 main   .   SavePasswordMode=never
Mon 27 Nov 2023 11:08:54       T:E4E3F780 main   .   ConnectionSecurityMode=secureonly
Mon 27 Nov 2023 11:08:54       T:E4E3F780 main   .   UIMode=normal
Mon 27 Nov 2023 11:08:54       T:E4E3F780 main   .   MaxChallengeChainDepth=5
Mon 27 Nov 2023 11:08:54       T:E4E3F780 main   .   MaxPrepareCallCount=6
Mon 27 Nov 2023 11:08:54       T:E4E3F780 main   .   Guid=
Mon 27 Nov 2023 11:08:54       T:E4E3F780 main   .   DesktopLogoffMode=logoffserver
Mon 27 Nov 2023 11:08:54       T:E4E3F780 main   .   CertificateCrlCheckMode=none
Mon 27 Nov 2023 11:08:54       T:E4E3F780 main   .   CertificateCheckMode=normal
Mon 27 Nov 2023 11:08:54       T:E4E3F780 main   .   Locale=
Mon 27 Nov 2023 11:08:54       T:E4E3F780 main   .   MaxUrlTableSize=10
Mon 27 Nov 2023 11:08:54       T:E4E3F780 main   .   UIInactivityTimeout=0.00:02:00
Mon 27 Nov 2023 11:08:54       T:E4E3F780 main   .   EpaScanAllowed=false
Mon 27 Nov 2023 11:08:54       T:E4E3F780 main   .   SoftTokenIntegrationAllowed=false
Mon 27 Nov 2023 11:08:54       T:E4E3F780 main   .   RememberUsername=false
Mon 27 Nov 2023 11:08:54       T:E4E3F780 main   .   VpnGatewayOverride=empty
Mon 27 Nov 2023 11:08:54       T:E4E3F780 main   .   VpnCapabilityOverride=none
Mon 27 Nov 2023 11:08:54       T:E4E3F780 main   .   CertificateSelectionMode=prompt
Mon 27 Nov 2023 11:08:54       T:E4E3F780 main   .   SmartCardPINEntry=authmanager
Mon 27 Nov 2023 11:08:54       T:E4E3F780 main   .   SmartCardRemovalAction=noaction
Mon 27 Nov 2023 11:08:54       T:E4E3F780 main   .   AllowAgeeForms=true
Mon 27 Nov 2023 11:08:54       T:E4E3F780 main   .   CertificateStoreOverrideForDiagnostics=
Mon 27 Nov 2023 11:08:54       T:E4E3F780 main   .   PermittedIssuerForDiagnostics=
Mon 27 Nov 2023 11:08:54       T:E4E3F780 main   .   BlockTimingEnabled=0
Mon 27 Nov 2023 11:08:54       T:E4E3F780 main   .   AuthServiceTimeoutSecs=0
Mon 27 Nov 2023 11:08:54       T:E4E3F780 main   .   FailedWpadBypassIntervalDHMS=0.00:01:00
Mon 27 Nov 2023 11:08:54       T:E4E3F780 main   .   ProxyEnabled=true
Mon 27 Nov 2023 11:08:54       T:E4E3F780 main   .   CeipSyncIntervalDHMS=0.01:00:00
Mon 27 Nov 2023 11:08:54       T:E4E3F780 main   .   ServiceRecordForCloudStoreEnabled=false
Mon 27 Nov 2023 11:08:54       T:E4E3F780 main   .   ProtocolOrder=httpbasic, integratedwindows, CitrixAGBasic, CitrixAGBasicNoPassword, Certificate, customforms, formsvariant, explicitforms
Mon 27 Nov 2023 11:08:54       T:E4E3F780 main   .   Protocol=ag
Mon 27 Nov 2023 11:08:54       T:E4E3F780 main   .       Name=ag
Mon 27 Nov 2023 11:08:54       T:E4E3F780 main   .       Enabled=true
Mon 27 Nov 2023 11:08:54       T:E4E3F780 main   .       RequiredConnectivity=unknown
Mon 27 Nov 2023 11:08:54       T:E4E3F780 main   .       IsPlugin=false
Mon 27 Nov 2023 11:08:54       T:E4E3F780 main   .       ProcessModel=InProcess
Mon 27 Nov 2023 11:08:54       T:E4E3F780 main   .       FallbackOnError=never
Mon 27 Nov 2023 11:08:54       T:E4E3F780 main   .   Protocol=aglegacy
Mon 27 Nov 2023 11:08:54       T:E4E3F780 main   .       Name=aglegacy
Mon 27 Nov 2023 11:08:54       T:E4E3F780 main   .       Enabled=true
Mon 27 Nov 2023 11:08:54       T:E4E3F780 main   .       RequiredConnectivity=unknown
Mon 27 Nov 2023 11:08:54       T:E4E3F780 main   .       IsPlugin=false
Mon 27 Nov 2023 11:08:54       T:E4E3F780 main   .       ProcessModel=OutOfprocess
Mon 27 Nov 2023 11:08:54       T:E4E3F780 main   .       FallbackOnError=never
Mon 27 Nov 2023 11:08:54       T:E4E3F780 main   .   Protocol=aglegacyclientcert
Mon 27 Nov 2023 11:08:54       T:E4E3F780 main   .       Name=aglegacyclientcert
Mon 27 Nov 2023 11:08:54       T:E4E3F780 main   .       Enabled=true
Mon 27 Nov 2023 11:08:54       T:E4E3F780 main   .       RequiredConnectivity=unknown
Mon 27 Nov 2023 11:08:54       T:E4E3F780 main   .       IsPlugin=false
Mon 27 Nov 2023 11:08:54       T:E4E3F780 main   .       ProcessModel=InProcess
Mon 27 Nov 2023 11:08:54       T:E4E3F780 main   .       FallbackOnError=never
Mon 27 Nov 2023 11:08:54       T:E4E3F780 main   .   Protocol=Certificate
Mon 27 Nov 2023 11:08:54       T:E4E3F780 main   .       Name=Certificate
Mon 27 Nov 2023 11:08:54       T:E4E3F780 main   .       Enabled=true
Mon 27 Nov 2023 11:08:54       T:E4E3F780 main   .       RequiredConnectivity=direct
Mon 27 Nov 2023 11:08:54       T:E4E3F780 main   .       IsPlugin=false
Mon 27 Nov 2023 11:08:54       T:E4E3F780 main   .       ProcessModel=InProcess
Mon 27 Nov 2023 11:08:54       T:E4E3F780 main   .       FallbackOnError=UserSwitchedProtocol UnsuitableProtocol
Mon 27 Nov 2023 11:08:54       T:E4E3F780 main   .   Protocol=CitrixAGBasic
Mon 27 Nov 2023 11:08:54       T:E4E3F780 main   .       Name=CitrixAGBasic
Mon 27 Nov 2023 11:08:54       T:E4E3F780 main   .       Enabled=true
Mon 27 Nov 2023 11:08:54       T:E4E3F780 main   .       RequiredConnectivity=gateway
Mon 27 Nov 2023 11:08:54       T:E4E3F780 main   .       IsPlugin=false
Mon 27 Nov 2023 11:08:54       T:E4E3F780 main   .       ProcessModel=InProcess
Mon 27 Nov 2023 11:08:54       T:E4E3F780 main   .       FallbackOnError=UnsuitableProtocol
Mon 27 Nov 2023 11:08:54       T:E4E3F780 main   .   Protocol=CitrixAGBasicNoPassword
Mon 27 Nov 2023 11:08:54       T:E4E3F780 main   .       Name=CitrixAGBasicNoPassword
Mon 27 Nov 2023 11:08:54       T:E4E3F780 main   .       Enabled=true
Mon 27 Nov 2023 11:08:54       T:E4E3F780 main   .       RequiredConnectivity=gateway
Mon 27 Nov 2023 11:08:54       T:E4E3F780 main   .       IsPlugin=false
Mon 27 Nov 2023 11:08:54       T:E4E3F780 main   .       ProcessModel=InProcess
Mon 27 Nov 2023 11:08:54       T:E4E3F780 main   .       FallbackOnError=UnsuitableProtocol
Mon 27 Nov 2023 11:08:54       T:E4E3F780 main   .   Protocol=customforms
Mon 27 Nov 2023 11:08:54       T:E4E3F780 main   .       Name=customforms
Mon 27 Nov 2023 11:08:54       T:E4E3F780 main   .       Enabled=true
Mon 27 Nov 2023 11:08:54       T:E4E3F780 main   .       RequiredConnectivity=any
Mon 27 Nov 2023 11:08:54       T:E4E3F780 main   .       IsPlugin=false
Mon 27 Nov 2023 11:08:54       T:E4E3F780 main   .       ProcessModel=InProcess
Mon 27 Nov 2023 11:08:54       T:E4E3F780 main   .       FallbackOnError=never
Mon 27 Nov 2023 11:08:54       T:E4E3F780 main   .   Protocol=explicitforms
Mon 27 Nov 2023 11:08:54       T:E4E3F780 main   .       Name=explicitforms
Mon 27 Nov 2023 11:08:54       T:E4E3F780 main   .       Enabled=true
Mon 27 Nov 2023 11:08:54       T:E4E3F780 main   .       RequiredConnectivity=any
Mon 27 Nov 2023 11:08:54       T:E4E3F780 main   .       IsPlugin=false
Mon 27 Nov 2023 11:08:54       T:E4E3F780 main   .       ProcessModel=InProcess
Mon 27 Nov 2023 11:08:54       T:E4E3F780 main   .       FallbackOnError=never
Mon 27 Nov 2023 11:08:54       T:E4E3F780 main   .   Protocol=formsvariant
Mon 27 Nov 2023 11:08:54       T:E4E3F780 main   .       Name=formsvariant
Mon 27 Nov 2023 11:08:54       T:E4E3F780 main   .       Enabled=true
Mon 27 Nov 2023 11:08:54       T:E4E3F780 main   .       RequiredConnectivity=any
Mon 27 Nov 2023 11:08:54       T:E4E3F780 main   .       IsPlugin=false
Mon 27 Nov 2023 11:08:54       T:E4E3F780 main   .       ProcessModel=InProcess
Mon 27 Nov 2023 11:08:54       T:E4E3F780 main   .       FallbackOnError=never
Mon 27 Nov 2023 11:08:54       T:E4E3F780 main   .   Protocol=httpbasic
Mon 27 Nov 2023 11:08:54       T:E4E3F780 main   .       Name=httpbasic
Mon 27 Nov 2023 11:08:54       T:E4E3F780 main   .       Enabled=false
Mon 27 Nov 2023 11:08:54       T:E4E3F780 main   .       RequiredConnectivity=direct
Mon 27 Nov 2023 11:08:54       T:E4E3F780 main   .       IsPlugin=false
Mon 27 Nov 2023 11:08:54       T:E4E3F780 main   .       ProcessModel=InProcess
Mon 27 Nov 2023 11:08:54       T:E4E3F780 main   .       FallbackOnError=UnsuitableProtocol
Mon 27 Nov 2023 11:08:54       T:E4E3F780 main   .   Protocol=integratedwindows
Mon 27 Nov 2023 11:08:54       T:E4E3F780 main   .       Name=integratedwindows
Mon 27 Nov 2023 11:08:54       T:E4E3F780 main   .       Enabled=true
Mon 27 Nov 2023 11:08:54       T:E4E3F780 main   .       RequiredConnectivity=direct
Mon 27 Nov 2023 11:08:54       T:E4E3F780 main   .       IsPlugin=false
Mon 27 Nov 2023 11:08:54       T:E4E3F780 main   .       ProcessModel=InProcess
Mon 27 Nov 2023 11:08:54       T:E4E3F780 main   .       SSONCheckEnabled=true
Mon 27 Nov 2023 11:08:54       T:E4E3F780 main   .       FallbackOnError=UnsuitableProtocol
Mon 27 Nov 2023 11:08:54       T:E4E3F780 main   .   
Mon 27 Nov 2023 11:08:54       T:E4E3F780 main   .   Auth Form Plugin Configuration:
Mon 27 Nov 2023 11:08:54       T:E4E3F780 main   .       No plugin configuration found
Mon 27 Nov 2023 11:08:54       T:E4E3F780 main   .   
Mon 27 Nov 2023 11:08:54     < T:E4E3F780 main   }
Mon 27 Nov 2023 11:08:54     > T:E4E3F780 main   static void AM::Utilities::CLinuxDependencies::InitializeCoreDependencies()
Mon 27 Nov 2023 11:08:54     > T:E4E3F780 main   {
Mon 27 Nov 2023 11:08:54       T:E4E3F780 main   .   CAMSSLContextTracker created.
Mon 27 Nov 2023 11:08:54       T:E4E3F780 main   .   AM::CLinuxSSLContext::CLinuxSSLContext(const AM::Networking::CXUrl&)
Mon 27 Nov 2023 11:08:54     < T:E4E3F780 main   }
Mon 27 Nov 2023 11:08:54     > T:E4E3F780 main    initSmartCard=false
Mon 27 Nov 2023 11:08:54     > T:E4E3F780 main   {
Mon 27 Nov 2023 11:08:54     < T:E4E3F780 main   }
Mon 27 Nov 2023 11:08:54     > T:E4E3F780 main   CAuthenticatorSingleUseFactory::CAuthenticatorSingleUseFactory
Mon 27 Nov 2023 11:08:54     > T:E4E3F780 main   {
Mon 27 Nov 2023 11:08:54     < T:E4E3F780 main   }
Mon 27 Nov 2023 11:08:54     > T:E4E3F780 main   CAuthenticatorSingleUseFactory::CreateInstance
Mon 27 Nov 2023 11:08:54     > T:E4E3F780 main   {
Mon 27 Nov 2023 11:08:54       T:E4E3F780 main   .   protocol=ag
Mon 27 Nov 2023 11:08:54     > T:E4E3F780 main   .   CAuthenticatorSingleUseFactory::CreateBuiltInInstance
Mon 27 Nov 2023 11:08:54     > T:E4E3F780 main   .   {
Mon 27 Nov 2023 11:08:54       T:E4E3F780 main   .   .   protocolName=ag builtInAuthenticatorName=agbuiltin
Mon 27 Nov 2023 11:08:54     < T:E4E3F780 main   .   }
Mon 27 Nov 2023 11:08:54     < T:E4E3F780 main   }
Mon 27 Nov 2023 11:08:54     > T:E4E3F780 main   AM::Networking::CWrappedComCookieJar::CWrappedComCookieJar(CitrixAuthManagerSDK::CClientCommLib*)
Mon 27 Nov 2023 11:08:54     > T:E4E3F780 main   {
Mon 27 Nov 2023 11:08:54     < T:E4E3F780 main   }
Mon 27 Nov 2023 11:08:54     > T:E4E3F780 main   CPrimaryAuthImpl::SetAuthenticatorSupport
Mon 27 Nov 2023 11:08:54     > T:E4E3F780 main   {
Mon 27 Nov 2023 11:08:54     < T:E4E3F780 main   }
Mon 27 Nov 2023 11:08:54     > T:E4E3F780 main   CPrimaryAuthImpl::Authenticate
Mon 27 Nov 2023 11:08:54     > T:E4E3F780 main   {
Mon 27 Nov 2023 11:08:54     > T:E4E3F780 main   .   CAGFormsAuthImpl::Authenticate
Mon 27 Nov 2023 11:08:54     > T:E4E3F780 main   .   {
Mon 27 Nov 2023 11:08:54       T:E4E3F780 main   .   .   CAGFormsGateway::CAGFormsGateway url='https://office.rku-it.de/' sslTransportAuth='None' formsStartPath=/nf/auth/startWebview.do
Mon 27 Nov 2023 11:08:54       T:E4E3F780 main   .   .   StartUrl=https://office.rku-it.de/nf/auth/startWebview.do
Mon 27 Nov 2023 11:08:54       T:E4E3F780 main   .   .   StartData=<?xml version="1.0" encoding="UTF-8" standalone="no" ?>
Mon 27 Nov 2023 11:08:54       T:E4E3F780 main   .   .   <AGStartData>
Mon 27 Nov 2023 11:08:54       T:E4E3F780 main   .   .   
Mon 27 Nov 2023 11:08:54       T:E4E3F780 main   .   .     <RequestVpnCapableSession>false</RequestVpnCapableSession>
Mon 27 Nov 2023 11:08:54       T:E4E3F780 main   .   .   
Mon 27 Nov 2023 11:08:54       T:E4E3F780 main   .   .     <ReceiverIdUrlStr>https://office.rku-it.de/</ReceiverIdUrlStr>
Mon 27 Nov 2023 11:08:54       T:E4E3F780 main   .   .   
Mon 27 Nov 2023 11:08:54       T:E4E3F780 main   .   .     <SslTransportAuth>None</SslTransportAuth>
Mon 27 Nov 2023 11:08:54       T:E4E3F780 main   .   .   
Mon 27 Nov 2023 11:08:54       T:E4E3F780 main   .   .   </AGStartData>
Mon 27 Nov 2023 11:08:54       T:E4E3F780 main   .   .   
Mon 27 Nov 2023 11:08:54     > T:E4E3F780 main   .   .   CClientComAuthenticatorSupport::GetAdditionalHeaders
Mon 27 Nov 2023 11:08:54     > T:E4E3F780 main   .   .   {
Mon 27 Nov 2023 11:08:54     < T:E4E3F780 main   .   .   }
Mon 27 Nov 2023 11:08:54     > T:E4E3F780 main   .   .   CLinuxResourceKeeper::CLinuxResourceKeeper
Mon 27 Nov 2023 11:08:54     > T:E4E3F780 main   .   .   {
Mon 27 Nov 2023 11:08:54     < T:E4E3F780 main   .   .   }
Mon 27 Nov 2023 11:08:54     > T:E4E3F780 main   .   .   CFormsSubProtocol::CFormsSubProtocol
Mon 27 Nov 2023 11:08:54     > T:E4E3F780 main   .   .   {
Mon 27 Nov 2023 11:08:54       T:E4E3F780 main   .   .   .   Supports image labels: true
Mon 27 Nov 2023 11:08:54     < T:E4E3F780 main   .   .   }
Mon 27 Nov 2023 11:08:54     > T:E4E3F780 main   .   .   CFormsSubProtocol::Execute
Mon 27 Nov 2023 11:08:54     > T:E4E3F780 main   .   .   {
Mon 27 Nov 2023 11:08:54     > T:E4E3F780 main   .   .   .   CFormsSubProtocolPluginHelper::CFormsSubProtocolPluginHelper
Mon 27 Nov 2023 11:08:54     > T:E4E3F780 main   .   .   .   {
Mon 27 Nov 2023 11:08:54     < T:E4E3F780 main   .   .   .   }
Mon 27 Nov 2023 11:08:54     > T:E4E3F780 main   .   .   .   CFormsSubProtocol::CreateHttpTransactionChain
Mon 27 Nov 2023 11:08:54     > T:E4E3F780 main   .   .   .   {
Mon 27 Nov 2023 11:08:54     > T:E4E3F780 main   .   .   .   .   AM::Networking::CLinuxHttpTransaction::CLinuxHttpTransaction(AM::CAMSSLContext::Sptr)
Mon 27 Nov 2023 11:08:54     > T:E4E3F780 main   .   .   .   .   {
Mon 27 Nov 2023 11:08:54       T:E4E3F780 main   .   .   .   .   .   virtual const wstring AM::CLinuxSSLContext::GetDebugState() const
Mon 27 Nov 2023 11:08:54       T:E4E3F780 main   .   .   .   .   .   CLinuxHttpTransaction::SetSSLContext: Server: '' State: 'ClientCertificate_Unset' Certificate: '(none)'
Mon 27 Nov 2023 11:08:54     < T:E4E3F780 main   .   .   .   .   }
Mon 27 Nov 2023 11:08:54     > T:E4E3F780 main   .   .   .   .   CFormsSubProtocol::WrapForClientCertAuthIfNeeded
Mon 27 Nov 2023 11:08:54     > T:E4E3F780 main   .   .   .   .   {
Mon 27 Nov 2023 11:08:54       T:E4E3F780 main   .   .   .   .   .   Wrapping for client cert auth
Mon 27 Nov 2023 11:08:54     < T:E4E3F780 main   .   .   .   .   }
Mon 27 Nov 2023 11:08:54     < T:E4E3F780 main   .   .   .   }
Mon 27 Nov 2023 11:08:54     > T:E4E3F780 main   .   .   .   CAGFormsAuthImpl::OnSubProtocolStart
Mon 27 Nov 2023 11:08:54     > T:E4E3F780 main   .   .   .   {
Mon 27 Nov 2023 11:08:54       T:E4E3F780 main   .   .   .   .   Setting up GET request
Mon 27 Nov 2023 11:08:54       T:E4E3F780 main   .   .   .   .   formsStartUrl=https://office.rku-it.de/nf/auth/startWebview.do
Mon 27 Nov 2023 11:08:54     > T:E4E3F780 main   .   .   .   .   CTranslatingHttpTransaction::SetUrl directUrl=https://office.rku-it.de/nf/auth/startWebview.do
Mon 27 Nov 2023 11:08:54     > T:E4E3F780 main   .   .   .   .   {
Mon 27 Nov 2023 11:08:54     < T:E4E3F780 main   .   .   .   .   }
Mon 27 Nov 2023 11:08:54     < T:E4E3F780 main   .   .   .   }
Mon 27 Nov 2023 11:08:54     > T:E4E3F780 main   .   .   .   CFormsSubProtocol::InitializeSslContext
Mon 27 Nov 2023 11:08:54     > T:E4E3F780 main   .   .   .   {
Mon 27 Nov 2023 11:08:54     > T:E4E3F780 main   .   .   .   .   CAMSSLContextTracker::GetContextFor 'https://office.rku-it.de/nf/auth/startWebview.do'
Mon 27 Nov 2023 11:08:54     > T:E4E3F780 main   .   .   .   .   {
Mon 27 Nov 2023 11:08:54       T:E4E3F780 main   .   .   .   .   .   Context not found
Mon 27 Nov 2023 11:08:54     < T:E4E3F780 main   .   .   .   .   }
Mon 27 Nov 2023 11:08:54       T:E4E3F780 main   .   .   .   .   AM::CLinuxSSLContext::CLinuxSSLContext(const AM::Networking::CXUrl&)
Mon 27 Nov 2023 11:08:54     < T:E4E3F780 main   .   .   .   }
Mon 27 Nov 2023 11:08:54     > T:E4E3F780 main   .   .   .   CSavedCredentialsManager::CSavedCredentialsManager
Mon 27 Nov 2023 11:08:54     > T:E4E3F780 main   .   .   .   {
Mon 27 Nov 2023 11:08:54       T:E4E3F780 main   .   .   .   .   saveCredentialsKey=https://office.rku-it.de/
Mon 27 Nov 2023 11:08:54       T:E4E3F780 main   .   .   .   .   allowSavedCredentials=false
Mon 27 Nov 2023 11:08:54     > T:E4E3F780 main   .   .   .   .   CSavedCredentialsManager::EraseAnyCredenialsNotAllowedByPolicy
Mon 27 Nov 2023 11:08:54     > T:E4E3F780 main   .   .   .   .   {
Mon 27 Nov 2023 11:08:54     > T:E4E3F780 main   .   .   .   .   .   CLinuxOnDiskCredentials::GetAllKeys
Mon 27 Nov 2023 11:08:54     > T:E4E3F780 main   .   .   .   .   .   {
Mon 27 Nov 2023 11:08:54 <<<<< T:E4E3F780 main   .   .   .   .   .   .   Throwable created: CLinuxSystemException :Failed to open Map file.
Mon 27 Nov 2023 11:08:54       T:E4E3F780 main   .   .   .   .   .   .   Caught exception: Failed to open Map file.
Mon 27 Nov 2023 11:08:54     > T:E4E3F780 main   .   .   .   .   .   .   CLinuxOnDiskCredentials::EraseAll
Mon 27 Nov 2023 11:08:54     > T:E4E3F780 main   .   .   .   .   .   .   {
Mon 27 Nov 2023 11:08:54     < T:E4E3F780 main   .   .   .   .   .   .   }
Mon 27 Nov 2023 11:08:54     < T:E4E3F780 main   .   .   .   .   .   }
Mon 27 Nov 2023 11:08:54     < T:E4E3F780 main   .   .   .   .   }
Mon 27 Nov 2023 11:08:54     < T:E4E3F780 main   .   .   .   }
Mon 27 Nov 2023 11:08:54     > T:E4E3F780 main   .   .   .   CRememberUsernameManager::CRememberUsernameManager
Mon 27 Nov 2023 11:08:54     > T:E4E3F780 main   .   .   .   {
Mon 27 Nov 2023 11:08:54       T:E4E3F780 main   .   .   .   .   key=https://office.rku-it.de/
Mon 27 Nov 2023 11:08:54       T:E4E3F780 main   .   .   .   .   Not allowed
Mon 27 Nov 2023 11:08:54     > T:E4E3F780 main   .   .   .   .   CLinuxOnDiskCredentials::EraseAll
Mon 27 Nov 2023 11:08:54     > T:E4E3F780 main   .   .   .   .   {
Mon 27 Nov 2023 11:08:54     < T:E4E3F780 main   .   .   .   .   }
Mon 27 Nov 2023 11:08:54     < T:E4E3F780 main   .   .   .   }
Mon 27 Nov 2023 11:08:54     > T:E4E3F780 main   .   .   .   CClientPersistentStorageManager::CClientPersistentStorageManager m_TableKey='https://office.rku-it.de/nf/auth/startWebview.do/'
Mon 27 Nov 2023 11:08:54     > T:E4E3F780 main   .   .   .   {
Mon 27 Nov 2023 11:08:54     < T:E4E3F780 main   .   .   .   }
Mon 27 Nov 2023 11:08:54       T:E4E3F780 main   .   .   .   Making the next request to the server
Mon 27 Nov 2023 11:08:54     > T:E4E3F780 main   .   .   .   CTranslatingHttpTransaction::SendAndReceive - direct connection
Mon 27 Nov 2023 11:08:54     > T:E4E3F780 main   .   .   .   {
Mon 27 Nov 2023 11:08:54       T:E4E3F780 main   .   .   .   .   actual url='https://office.rku-it.de/nf/auth/startWebview.do'
Mon 27 Nov 2023 11:08:54     > T:E4E3F780 main   .   .   .   .   CFormsSubProtocol::CertAuthHttpWrapper::SendAndReceive
Mon 27 Nov 2023 11:08:54     > T:E4E3F780 main   .   .   .   .   {
Mon 27 Nov 2023 11:08:54       T:E4E3F780 main   .   .   .   .   .   virtual const wstring AM::CLinuxSSLContext::GetDebugState() const
Mon 27 Nov 2023 11:08:54       T:E4E3F780 main   .   .   .   .   .   CLinuxHttpTransaction::SetSSLContext: Server: 'https://office.rku-it.de/' State: 'ClientCertificate_Unset' Certificate: '(none)'
Mon 27 Nov 2023 11:08:54     > T:E4E3F780 main   .   .   .   .   .   CHttpTransactionBase::SendAndReceive
Mon 27 Nov 2023 11:08:54     > T:E4E3F780 main   .   .   .   .   .   {
Mon 27 Nov 2023 11:08:54     > T:E4E3F780 main   .   .   .   .   .   .   virtual std::__cxx11::wstring AM::Networking::CWrappedComCookieJar::GetCookieHeaderValue(const AM::Networking::CXUrl&)
Mon 27 Nov 2023 11:08:54     > T:E4E3F780 main   .   .   .   .   .   .   {
Mon 27 Nov 2023 11:08:54     < T:E4E3F780 main   .   .   .   .   .   .   }
Mon 27 Nov 2023 11:08:54     > T:E4E3F780 main   .   .   .   .   .   .   virtual void AM::Networking::CLinuxHttpTransaction::CheckedSendAndReceive()
Mon 27 Nov 2023 11:08:54     > T:E4E3F780 main   .   .   .   .   .   .   {
Mon 27 Nov 2023 11:08:55       T:E4E3F780 main   .   .   .   .   .   .   .   CheckedSendAndReceive client cert none
Mon 27 Nov 2023 11:08:55       T:E4E3F780 main   .   .   .   .   .   .   .   HTTP status from curl: 200
Mon 27 Nov 2023 11:08:55     > T:E4E3F780 main   .   .   .   .   .   .   .   void AM::Networking::CLinuxHttpTransaction::parseHeaders(const wchar_t*)
Mon 27 Nov 2023 11:08:55     > T:E4E3F780 main   .   .   .   .   .   .   .   {
Mon 27 Nov 2023 11:08:55       T:E4E3F780 main   .   .   .   .   .   .   .   .   Parsed status from curl is 200
Mon 27 Nov 2023 11:08:55     < T:E4E3F780 main   .   .   .   .   .   .   .   }
Mon 27 Nov 2023 11:08:55       T:E4E3F780 main   .   .   .   .   .   .   .   Got cert chain for new connection
Mon 27 Nov 2023 11:08:55     < T:E4E3F780 main   .   .   .   .   .   .   }
Mon 27 Nov 2023 11:08:55     > T:E4E3F780 main   .   .   .   .   .   .   virtual AM::ICertificate::Cptr AM::Networking::CLinuxHttpTransaction::GetServerCertificateDerived()
Mon 27 Nov 2023 11:08:55     > T:E4E3F780 main   .   .   .   .   .   .   {
Mon 27 Nov 2023 11:08:55     < T:E4E3F780 main   .   .   .   .   .   .   }
Mon 27 Nov 2023 11:08:55     > T:E4E3F780 main   .   .   .   .   .   .   virtual void AM::Networking::CWrappedComCookieJar::AddCookiesFromSetCookieHeaderValues(const AM::Networking::CXUrl&, const std::vector<std::__cxx11::basic_string<wchar_t> >&)
Mon 27 Nov 2023 11:08:55     > T:E4E3F780 main   .   .   .   .   .   .   {
Mon 27 Nov 2023 11:08:55     < T:E4E3F780 main   .   .   .   .   .   .   }
Mon 27 Nov 2023 11:08:55     < T:E4E3F780 main   .   .   .   .   .   }
Mon 27 Nov 2023 11:08:55     < T:E4E3F780 main   .   .   .   .   }
Mon 27 Nov 2023 11:08:55     < T:E4E3F780 main   .   .   .   }
Mon 27 Nov 2023 11:08:55     > T:E4E3F780 main   .   .   .   CFormsSubProtocol::ProcessServerResponse
Mon 27 Nov 2023 11:08:55     > T:E4E3F780 main   .   .   .   {
Mon 27 Nov 2023 11:08:55     > T:E4E3F780 main   .   .   .   .   CFormsSubProtocol::RecordServerCertificateInformation
Mon 27 Nov 2023 11:08:55     > T:E4E3F780 main   .   .   .   .   {
Mon 27 Nov 2023 11:08:55     > T:E4E3F780 main   .   .   .   .   .   virtual AM::ICertificate::Cptr AM::Networking::CLinuxHttpTransaction::GetServerCertificateDerived()
Mon 27 Nov 2023 11:08:55     > T:E4E3F780 main   .   .   .   .   .   {
Mon 27 Nov 2023 11:08:55     < T:E4E3F780 main   .   .   .   .   .   }
Mon 27 Nov 2023 11:08:55       T:E4E3F780 main   .   .   .   .   .   succeeded
Mon 27 Nov 2023 11:08:55     < T:E4E3F780 main   .   .   .   .   }
Mon 27 Nov 2023 11:08:55       T:E4E3F780 main   .   .   .   .   httpStatus=200
Mon 27 Nov 2023 11:08:55     > T:E4E3F780 main   .   .   .   .   CFormsSubProtocol::Http200Received; content-type='application/vnd.citrix.authenticateresponse-1+xml; charset=utf-8'
Mon 27 Nov 2023 11:08:55     > T:E4E3F780 main   .   .   .   .   {
Mon 27 Nov 2023 11:08:55     > T:E4E3F780 main   .   .   .   .   .   CChimeraForm::CChimeraForm
Mon 27 Nov 2023 11:08:55     > T:E4E3F780 main   .   .   .   .   .   {
Mon 27 Nov 2023 11:08:55       T:E4E3F780 main   .   .   .   .   .   .   status=success
Mon 27 Nov 2023 11:08:55       T:E4E3F780 main   .   .   .   .   .   .   StateContext=
Mon 27 Nov 2023 11:08:55       T:E4E3F780 main   .   .   .   .   .   .   result=more-info
Mon 27 Nov 2023 11:08:55     > T:E4E3F780 main   .   .   .   .   .   .   CChimeraForm::ParsePostBackAndCancelUrls
Mon 27 Nov 2023 11:08:55     > T:E4E3F780 main   .   .   .   .   .   .   {
Mon 27 Nov 2023 11:08:55       T:E4E3F780 main   .   .   .   .   .   .   .   PostBackUrl=https://office.rku-it.de/nf/auth/webview/done
Mon 27 Nov 2023 11:08:55       T:E4E3F780 main   .   .   .   .   .   .   .   CancelPostBackUrl=https://office.rku-it.de/nf/auth/doLogoff.do
Mon 27 Nov 2023 11:08:55     < T:E4E3F780 main   .   .   .   .   .   .   }
Mon 27 Nov 2023 11:08:55     > T:E4E3F780 main   .   .   .   .   .   .   CChimeraRequirement
Mon 27 Nov 2023 11:08:55     > T:E4E3F780 main   .   .   .   .   .   .   {
Mon 27 Nov 2023 11:08:55       T:E4E3F780 main   .   .   .   .   .   .   .   CredentialID=samlResponse
Mon 27 Nov 2023 11:08:55       T:E4E3F780 main   .   .   .   .   .   .   .   CredentialType=webview
Mon 27 Nov 2023 11:08:55       T:E4E3F780 main   .   .   .   .   .   .   .   Hidden credential=false
Mon 27 Nov 2023 11:08:55       T:E4E3F780 main   .   .   .   .   .   .   .   LabelType=none
Mon 27 Nov 2023 11:08:55     < T:E4E3F780 main   .   .   .   .   .   .   }
Mon 27 Nov 2023 11:08:55     < T:E4E3F780 main   .   .   .   .   .   }
Mon 27 Nov 2023 11:08:55     > T:E4E3F780 main   .   .   .   .   .   CFormsSubProtocolPluginHelper::LoadFormHandlerPlugin
Mon 27 Nov 2023 11:08:55     > T:E4E3F780 main   .   .   .   .   .   {
Mon 27 Nov 2023 11:08:55     < T:E4E3F780 main   .   .   .   .   .   }
Mon 27 Nov 2023 11:08:55     > T:E4E3F780 main   .   .   .   .   .   CFormsSubProtocolPluginHelper::FormHandlerModifyForm
Mon 27 Nov 2023 11:08:55     > T:E4E3F780 main   .   .   .   .   .   {
Mon 27 Nov 2023 11:08:55     < T:E4E3F780 main   .   .   .   .   .   }
Mon 27 Nov 2023 11:08:55     > T:E4E3F780 main   .   .   .   .   .   ThrowIfNotStatusSuccess status='success'
Mon 27 Nov 2023 11:08:55     > T:E4E3F780 main   .   .   .   .   .   {
Mon 27 Nov 2023 11:08:55     < T:E4E3F780 main   .   .   .   .   .   }
Mon 27 Nov 2023 11:08:55     > T:E4E3F780 main   .   .   .   .   .   CSavedCredentialsManager::OnFormReceived
Mon 27 Nov 2023 11:08:55     > T:E4E3F780 main   .   .   .   .   .   {
Mon 27 Nov 2023 11:08:55       T:E4E3F780 main   .   .   .   .   .   .   form result=more-info
Mon 27 Nov 2023 11:08:55     > T:E4E3F780 main   .   .   .   .   .   .   CSavedCredentialsManager::DetectInvalidOnDiskCredentials
Mon 27 Nov 2023 11:08:55     > T:E4E3F780 main   .   .   .   .   .   .   {
Mon 27 Nov 2023 11:08:55     < T:E4E3F780 main   .   .   .   .   .   .   }
Mon 27 Nov 2023 11:08:55     > T:E4E3F780 main   .   .   .   .   .   .   CSavedCredentialsManager::UpdateDisplaySavePasswordCheckbox
Mon 27 Nov 2023 11:08:55     > T:E4E3F780 main   .   .   .   .   .   .   {
Mon 27 Nov 2023 11:08:55       T:E4E3F780 main   .   .   .   .   .   .   .   Security policy disallows checkbox
Mon 27 Nov 2023 11:08:55     < T:E4E3F780 main   .   .   .   .   .   .   }
Mon 27 Nov 2023 11:08:55     < T:E4E3F780 main   .   .   .   .   .   }
Mon 27 Nov 2023 11:08:55     > T:E4E3F780 main   .   .   .   .   .   CFormsSubProtocol::FormHandlerLoop
Mon 27 Nov 2023 11:08:55     > T:E4E3F780 main   .   .   .   .   .   {
Mon 27 Nov 2023 11:08:55       T:E4E3F780 main   .   .   .   .   .   .   Processing the form from server
Mon 27 Nov 2023 11:08:55     > T:E4E3F780 main   .   .   .   .   .   .   CFormsSubProtocol::ProcessForm
Mon 27 Nov 2023 11:08:55     > T:E4E3F780 main   .   .   .   .   .   .   {
Mon 27 Nov 2023 11:08:55     > T:E4E3F780 main   .   .   .   .   .   .   .   CFormsSubProtocol::AddReadonlyRequirementsToPostData
Mon 27 Nov 2023 11:08:55     > T:E4E3F780 main   .   .   .   .   .   .   .   {
Mon 27 Nov 2023 11:08:55       T:E4E3F780 main   .   .   .   .   .   .   .   .   Added 0 read-only requirements to the post data
Mon 27 Nov 2023 11:08:55     < T:E4E3F780 main   .   .   .   .   .   .   .   }
Mon 27 Nov 2023 11:08:55     > T:E4E3F780 main   .   .   .   .   .   .   .   CFormsSubProtocol::AddHiddenRequirementsToPostData
Mon 27 Nov 2023 11:08:55     > T:E4E3F780 main   .   .   .   .   .   .   .   {
Mon 27 Nov 2023 11:08:55       T:E4E3F780 main   .   .   .   .   .   .   .   .   Added 0 hidden requirements to the post data
Mon 27 Nov 2023 11:08:55     < T:E4E3F780 main   .   .   .   .   .   .   .   }
Mon 27 Nov 2023 11:08:55     > T:E4E3F780 main   .   .   .   .   .   .   .   CSavedCredentialsManager::RetrieveSavedCredentials
Mon 27 Nov 2023 11:08:55     > T:E4E3F780 main   .   .   .   .   .   .   .   {
Mon 27 Nov 2023 11:08:55       T:E4E3F780 main   .   .   .   .   .   .   .   .   RETRIEVED_nothing - form has no save checkbox
Mon 27 Nov 2023 11:08:55     < T:E4E3F780 main   .   .   .   .   .   .   .   }
Mon 27 Nov 2023 11:08:55     > T:E4E3F780 main   .   .   .   .   .   .   .   CRememberUsernameManager::PrepopulateForm
Mon 27 Nov 2023 11:08:55     > T:E4E3F780 main   .   .   .   .   .   .   .   {
Mon 27 Nov 2023 11:08:55     < T:E4E3F780 main   .   .   .   .   .   .   .   }
Mon 27 Nov 2023 11:08:55     > T:E4E3F780 main   .   .   .   .   .   .   .   CFormsSubProtocolPluginHelper::LoadCredentialHandlerPlugins
Mon 27 Nov 2023 11:08:55     > T:E4E3F780 main   .   .   .   .   .   .   .   {
Mon 27 Nov 2023 11:08:55     > T:E4E3F780 main   .   .   .   .   .   .   .   .   CFormsSubProtocolPluginHelper::LoadCredentialHandlersForForm
Mon 27 Nov 2023 11:08:55     > T:E4E3F780 main   .   .   .   .   .   .   .   .   {
Mon 27 Nov 2023 11:08:55     < T:E4E3F780 main   .   .   .   .   .   .   .   .   }
Mon 27 Nov 2023 11:08:55     > T:E4E3F780 main   .   .   .   .   .   .   .   .   CFormsSubProtocolPluginHelper::ParseCreateWebviewHandlers
Mon 27 Nov 2023 11:08:55     > T:E4E3F780 main   .   .   .   .   .   .   .   .   {
Mon 27 Nov 2023 11:08:55       T:E4E3F780 main   .   .   .   .   .   .   .   .   .   CWebviewCredentialHandler constructor.
Mon 27 Nov 2023 11:08:55     < T:E4E3F780 main   .   .   .   .   .   .   .   .   }
Mon 27 Nov 2023 11:08:55     < T:E4E3F780 main   .   .   .   .   .   .   .   }
Mon 27 Nov 2023 11:08:55     > T:E4E3F780 main   .   .   .   .   .   .   .   CFormsSubProtocolPluginHelper::CredentialPluginsOnFormReceived
Mon 27 Nov 2023 11:08:55     > T:E4E3F780 main   .   .   .   .   .   .   .   {
Mon 27 Nov 2023 11:08:55       T:E4E3F780 main   .   .   .   .   .   .   .   .   Plugin for credential type 'webview' servicing credential id 'samlResponse' returned code 0 (success) when calling method OnFormReceived.
Mon 27 Nov 2023 11:08:55     < T:E4E3F780 main   .   .   .   .   .   .   .   }
Mon 27 Nov 2023 11:08:55     > T:E4E3F780 main   .   .   .   .   .   .   .   CChimeraForm::DoesNeedDisplaying
Mon 27 Nov 2023 11:08:55     > T:E4E3F780 main   .   .   .   .   .   .   .   {
Mon 27 Nov 2023 11:08:55       T:E4E3F780 main   .   .   .   .   .   .   .   .   No saved credentials retrieved - checking for visible requirements
Mon 27 Nov 2023 11:08:55       T:E4E3F780 main   .   .   .   .   .   .   .   .   Display: false
Mon 27 Nov 2023 11:08:55     < T:E4E3F780 main   .   .   .   .   .   .   .   }
Mon 27 Nov 2023 11:08:55       T:E4E3F780 main   .   .   .   .   .   .   .   The form has no AM renderable elements.
Mon 27 Nov 2023 11:08:55     > T:E4E3F780 main   .   .   .   .   .   .   .   CFormsSubProtocolPluginHelper::UpdateCredentialsWithCredentialPlugins
Mon 27 Nov 2023 11:08:55     > T:E4E3F780 main   .   .   .   .   .   .   .   {
Mon 27 Nov 2023 11:08:55     > T:E4E3F780 main   .   .   .   .   .   .   .   .   CFormsSubProtocolPluginHelper::CredentialPluginsOnFormSubmitted
Mon 27 Nov 2023 11:08:55     > T:E4E3F780 main   .   .   .   .   .   .   .   .   {
Mon 27 Nov 2023 11:08:55       T:E4E3F780 main   .   .   .   .   .   .   .   .   .   Calling OnFormSubmitted() for credential id 'samlResponse' type 'webview'
Mon 27 Nov 2023 11:08:55     > T:E4E3F780 main   .   .   .   .   .   .   .   .   .   CWebviewCredentialHandler::OnFormSubmitted
Mon 27 Nov 2023 11:08:55     > T:E4E3F780 main   .   .   .   .   .   .   .   .   .   {
Mon 27 Nov 2023 11:08:55     > T:E4E3F780 main   .   .   .   .   .   .   .   .   .   .   CLinuxUIDialog::CLinuxUIDialog()
Mon 27 Nov 2023 11:08:55     > T:E4E3F780 main   .   .   .   .   .   .   .   .   .   .   {
Mon 27 Nov 2023 11:08:55     > T:E4E3F780 main   .   .   .   .   .   .   .   .   .   .   .   void CLinuxUIDialog::LoadUILibrary()
Mon 27 Nov 2023 11:08:55     > T:E4E3F780 main   .   .   .   .   .   .   .   .   .   .   .   {
Mon 27 Nov 2023 11:08:55       T:E4E3F780 main   .   .   .   .   .   .   .   .   .   .   .   .   Appending UIDialog user agent string :CWAWEBVIEW/23.9.0.24
Mon 27 Nov 2023 11:08:55       T:E4E3F780 main   .   .   .   .   .   .   .   .   .   .   .   .   Appending authmanconfig useragent string :CWAWEBVIEW/23.9.0.24
Mon 27 Nov 2023 11:08:55     < T:E4E3F780 main   .   .   .   .   .   .   .   .   .   .   .   }
Mon 27 Nov 2023 11:08:55     < T:E4E3F780 main   .   .   .   .   .   .   .   .   .   .   }
Mon 27 Nov 2023 11:08:55     > T:E4E3F780 main   .   .   .   .   .   .   .   .   .   .   CLinuxWebviewDialog::CLinuxWebviewDialog(AM::COperationContext)
Mon 27 Nov 2023 11:08:55     > T:E4E3F780 main   .   .   .   .   .   .   .   .   .   .   {
Mon 27 Nov 2023 11:08:55     < T:E4E3F780 main   .   .   .   .   .   .   .   .   .   .   }
Mon 27 Nov 2023 11:08:55     > T:E4E3F780 main   .   .   .   .   .   .   .   .   .   .   virtual AM::CWebviewDialog_Result CLinuxWebviewDialog::ShowFormAndWaitForInput(const AM::Networking::CXUrl&, std::__cxx11::wstring, AM::CManualResetEvent&)
Mon 27 Nov 2023 11:08:55     > T:E4E3F780 main   .   .   .   .   .   .   .   .   .   .   {
Mon 27 Nov 2023 11:08:55       T:E4E3F780 main   .   .   .   .   .   .   .   .   .   .   .   CLinuxBackgroundDialog::ShowDialogAndWaitForInput
Mon 27 Nov 2023 11:08:55     > T:D2FFD640 UI     const char** CLinuxUIDialog::ShowWebview(const string&, const string&)
Mon 27 Nov 2023 11:08:55     > T:D2FFD640 UI     {
Mon 27 Nov 2023 11:08:55       T:D37FE640        enable screen protect = false enable keylogging protect = false
Mon 27 Nov 2023 11:08:55       T:D37FE640        Protection not enabled for authman
Mon 27 Nov 2023 11:08:55       T:D37FE640        Called focus_in_event_cb
Mon 27 Nov 2023 11:09:26     < T:D2FFD640 UI     }
Mon 27 Nov 2023 11:09:26       T:E4E3F780 main   .   .   .   .   .   .   .   .   .   .   .   m_CompletionEvent was signaled
Mon 27 Nov 2023 11:09:26       T:E4E3F780 main   .   .   .   .   .   .   .   .   .   .   .   Form - Closed
Mon 27 Nov 2023 11:09:26     < T:E4E3F780 main   .   .   .   .   .   .   .   .   .   .   }
Mon 27 Nov 2023 11:09:26       T:E4E3F780 main   .   .   .   .   .   .   .   .   .   .   The dialogResult is '3'
Mon 27 Nov 2023 11:09:26     > T:E4E3F780 main   .   .   .   .   .   .   .   .   .   .   virtual CLinuxWebviewDialog::~CLinuxWebviewDialog()
Mon 27 Nov 2023 11:09:26     > T:E4E3F780 main   .   .   .   .   .   .   .   .   .   .   {
Mon 27 Nov 2023 11:09:26     < T:E4E3F780 main   .   .   .   .   .   .   .   .   .   .   }
Mon 27 Nov 2023 11:09:26     > T:E4E3F780 main   .   .   .   .   .   .   .   .   .   .   CLinuxBackgroundDialog::~CLinuxBackgroundDialog()
Mon 27 Nov 2023 11:09:26     > T:E4E3F780 main   .   .   .   .   .   .   .   .   .   .   {
Mon 27 Nov 2023 11:09:26     < T:E4E3F780 main   .   .   .   .   .   .   .   .   .   .   }
Mon 27 Nov 2023 11:09:26     > T:E4E3F780 main   .   .   .   .   .   .   .   .   .   .   CLinuxUIDialog::~CLinuxUIDialog()
Mon 27 Nov 2023 11:09:26     > T:E4E3F780 main   .   .   .   .   .   .   .   .   .   .   {
Mon 27 Nov 2023 11:09:26     < T:E4E3F780 main   .   .   .   .   .   .   .   .   .   .   }
Mon 27 Nov 2023 11:09:26     < T:E4E3F780 main   .   .   .   .   .   .   .   .   .   }
Mon 27 Nov 2023 11:09:26       T:E4E3F780 main   .   .   .   .   .   .   .   .   .   Plugin for credential type 'webview' servicing credential id 'samlResponse' returned code 1 (user cancelled) when calling method OnFormSubmitted. Error message was: result.m_Status = WebviewDialogStatus_Closed
Mon 27 Nov 2023 11:09:26     > T:E4E3F780 main   .   .   .   .   .   .   .   .   .   CAMLogonResult::ThrowIfLogonFailed amLogonResult=LogonResult_CancelledByUser
Mon 27 Nov 2023 11:09:26     > T:E4E3F780 main   .   .   .   .   .   .   .   .   .   {
Mon 27 Nov 2023 11:09:26 <<<<< T:E4E3F780 main   .   .   .   .   .   .   .   .   .   .   Throwable created: CCancelledByUserException: The user clicked cancel or a dialog timed out
Mon 27 Nov 2023 11:09:26     < T:E4E3F780 main   .   .   .   .   .   .   .   .   .   }
Mon 27 Nov 2023 11:09:26     < T:E4E3F780 main   .   .   .   .   .   .   .   .   }
Mon 27 Nov 2023 11:09:26     < T:E4E3F780 main   .   .   .   .   .   .   .   }
Mon 27 Nov 2023 11:09:26     < T:E4E3F780 main   .   .   .   .   .   .   }
Mon 27 Nov 2023 11:09:26     < T:E4E3F780 main   .   .   .   .   .   }
Mon 27 Nov 2023 11:09:26     < T:E4E3F780 main   .   .   .   .   }
Mon 27 Nov 2023 11:09:26     < T:E4E3F780 main   .   .   .   }
Mon 27 Nov 2023 11:09:26     < T:E4E3F780 main   .   .   }
Mon 27 Nov 2023 11:09:26     > T:E4E3F780 main   .   .   CAMLogonResult::ConvertExceptionToErrorCodeOrRethrow
Mon 27 Nov 2023 11:09:26     > T:E4E3F780 main   .   .   {
Mon 27 Nov 2023 11:09:26       T:E4E3F780 main   .   .   .   Processing exception, type='Cancelled by user exception' description='The user clicked cancel or a dialog timed out'
Mon 27 Nov 2023 11:09:26     < T:E4E3F780 main   .   .   }
Mon 27 Nov 2023 11:09:26     > T:E4E3F780 main   .   .   CFormsSubProtocol::TryFormsCancellation
Mon 27 Nov 2023 11:09:26     > T:E4E3F780 main   .   .   {
Mon 27 Nov 2023 11:09:26     > T:E4E3F780 main   .   .   .   CFormsSubProtocol::SetUpPostRequest
Mon 27 Nov 2023 11:09:26     > T:E4E3F780 main   .   .   .   {
Mon 27 Nov 2023 11:09:26       T:E4E3F780 main   .   .   .   .   url=https://office.rku-it.de/nf/auth/doLogoff.do
Mon 27 Nov 2023 11:09:26     > T:E4E3F780 main   .   .   .   .   CFormsSubProtocol::CreateHttpTransactionChain
Mon 27 Nov 2023 11:09:26     > T:E4E3F780 main   .   .   .   .   {
Mon 27 Nov 2023 11:09:26     > T:E4E3F780 main   .   .   .   .   .   AM::Networking::CLinuxHttpTransaction::CLinuxHttpTransaction(AM::CAMSSLContext::Sptr)
Mon 27 Nov 2023 11:09:26     > T:E4E3F780 main   .   .   .   .   .   {
Mon 27 Nov 2023 11:09:26       T:E4E3F780 main   .   .   .   .   .   .   virtual const wstring AM::CLinuxSSLContext::GetDebugState() const
Mon 27 Nov 2023 11:09:26       T:E4E3F780 main   .   .   .   .   .   .   CLinuxHttpTransaction::SetSSLContext: Server: '' State: 'ClientCertificate_Unset' Certificate: '(none)'
Mon 27 Nov 2023 11:09:26     < T:E4E3F780 main   .   .   .   .   .   }
Mon 27 Nov 2023 11:09:26     > T:E4E3F780 main   .   .   .   .   .   CFormsSubProtocol::WrapForClientCertAuthIfNeeded
Mon 27 Nov 2023 11:09:26     > T:E4E3F780 main   .   .   .   .   .   {
Mon 27 Nov 2023 11:09:26       T:E4E3F780 main   .   .   .   .   .   .   Wrapping for client cert auth
Mon 27 Nov 2023 11:09:26     < T:E4E3F780 main   .   .   .   .   .   }
Mon 27 Nov 2023 11:09:26       T:E4E3F780 main   .   .   .   .   .   CTranslatingHttpTransaction::~CTranslatingHttpTransaction
Mon 27 Nov 2023 11:09:26     < T:E4E3F780 main   .   .   .   .   }
Mon 27 Nov 2023 11:09:26     > T:E4E3F780 main   .   .   .   .   CTranslatingHttpTransaction::SetUrl directUrl=https://office.rku-it.de/nf/auth/doLogoff.do
Mon 27 Nov 2023 11:09:26     > T:E4E3F780 main   .   .   .   .   {
Mon 27 Nov 2023 11:09:26     < T:E4E3F780 main   .   .   .   .   }
Mon 27 Nov 2023 11:09:26     < T:E4E3F780 main   .   .   .   }
Mon 27 Nov 2023 11:09:26       T:E4E3F780 main   .   .   .   Making the next request to the server
Mon 27 Nov 2023 11:09:26     > T:E4E3F780 main   .   .   .   CTranslatingHttpTransaction::SendAndReceive - direct connection
Mon 27 Nov 2023 11:09:26     > T:E4E3F780 main   .   .   .   {
Mon 27 Nov 2023 11:09:26       T:E4E3F780 main   .   .   .   .   actual url='https://office.rku-it.de/nf/auth/doLogoff.do'
Mon 27 Nov 2023 11:09:26     > T:E4E3F780 main   .   .   .   .   CFormsSubProtocol::CertAuthHttpWrapper::SendAndReceive
Mon 27 Nov 2023 11:09:26     > T:E4E3F780 main   .   .   .   .   {
Mon 27 Nov 2023 11:09:26       T:E4E3F780 main   .   .   .   .   .   virtual const wstring AM::CLinuxSSLContext::GetDebugState() const
Mon 27 Nov 2023 11:09:26       T:E4E3F780 main   .   .   .   .   .   CLinuxHttpTransaction::SetSSLContext: Server: 'https://office.rku-it.de/' State: 'ClientCertificate_Unset' Certificate: '(none)'
Mon 27 Nov 2023 11:09:26     > T:E4E3F780 main   .   .   .   .   .   CHttpTransactionBase::SendAndReceive
Mon 27 Nov 2023 11:09:26     > T:E4E3F780 main   .   .   .   .   .   {
Mon 27 Nov 2023 11:09:26     > T:E4E3F780 main   .   .   .   .   .   .   virtual std::__cxx11::wstring AM::Networking::CWrappedComCookieJar::GetCookieHeaderValue(const AM::Networking::CXUrl&)
Mon 27 Nov 2023 11:09:26     > T:E4E3F780 main   .   .   .   .   .   .   {
Mon 27 Nov 2023 11:09:26     < T:E4E3F780 main   .   .   .   .   .   .   }
Mon 27 Nov 2023 11:09:26     > T:E4E3F780 main   .   .   .   .   .   .   virtual void AM::Networking::CLinuxHttpTransaction::CheckedSendAndReceive()
Mon 27 Nov 2023 11:09:26     > T:E4E3F780 main   .   .   .   .   .   .   {
Mon 27 Nov 2023 11:09:27       T:E4E3F780 main   .   .   .   .   .   .   .   CheckedSendAndReceive client cert none
Mon 27 Nov 2023 11:09:27       T:E4E3F780 main   .   .   .   .   .   .   .   HTTP status from curl: 200
Mon 27 Nov 2023 11:09:27     > T:E4E3F780 main   .   .   .   .   .   .   .   void AM::Networking::CLinuxHttpTransaction::parseHeaders(const wchar_t*)
Mon 27 Nov 2023 11:09:27     > T:E4E3F780 main   .   .   .   .   .   .   .   {
Mon 27 Nov 2023 11:09:27       T:E4E3F780 main   .   .   .   .   .   .   .   .   Parsed status from curl is 200
Mon 27 Nov 2023 11:09:27     < T:E4E3F780 main   .   .   .   .   .   .   .   }
Mon 27 Nov 2023 11:09:27       T:E4E3F780 main   .   .   .   .   .   .   .   connection to same server, cert chain already verified
Mon 27 Nov 2023 11:09:27     < T:E4E3F780 main   .   .   .   .   .   .   }
Mon 27 Nov 2023 11:09:27     > T:E4E3F780 main   .   .   .   .   .   .   virtual AM::ICertificate::Cptr AM::Networking::CLinuxHttpTransaction::GetServerCertificateDerived()
Mon 27 Nov 2023 11:09:27     > T:E4E3F780 main   .   .   .   .   .   .   {
Mon 27 Nov 2023 11:09:27     < T:E4E3F780 main   .   .   .   .   .   .   }
Mon 27 Nov 2023 11:09:27     > T:E4E3F780 main   .   .   .   .   .   .   virtual void AM::Networking::CWrappedComCookieJar::AddCookiesFromSetCookieHeaderValues(const AM::Networking::CXUrl&, const std::vector<std::__cxx11::basic_string<wchar_t> >&)
Mon 27 Nov 2023 11:09:27     > T:E4E3F780 main   .   .   .   .   .   .   {
Mon 27 Nov 2023 11:09:27     < T:E4E3F780 main   .   .   .   .   .   .   }
Mon 27 Nov 2023 11:09:27     < T:E4E3F780 main   .   .   .   .   .   }
Mon 27 Nov 2023 11:09:27     < T:E4E3F780 main   .   .   .   .   }
Mon 27 Nov 2023 11:09:27     < T:E4E3F780 main   .   .   .   }
Mon 27 Nov 2023 11:09:27     > T:E4E3F780 main   .   .   .   CChimeraForm::CChimeraForm
Mon 27 Nov 2023 11:09:27     > T:E4E3F780 main   .   .   .   {
Mon 27 Nov 2023 11:09:27       T:E4E3F780 main   .   .   .   .   status=success
Mon 27 Nov 2023 11:09:27       T:E4E3F780 main   .   .   .   .   StateContext=
Mon 27 Nov 2023 11:09:27       T:E4E3F780 main   .   .   .   .   result=cancelled
Mon 27 Nov 2023 11:09:27     < T:E4E3F780 main   .   .   .   }
Mon 27 Nov 2023 11:09:27       T:E4E3F780 main   .   .   .   Cancel acknowledged by server
Mon 27 Nov 2023 11:09:27     < T:E4E3F780 main   .   .   }
Mon 27 Nov 2023 11:09:27     > T:E4E3F780 main   .   .   CFormsSubProtocol::~CFormsSubProtocol
Mon 27 Nov 2023 11:09:27     > T:E4E3F780 main   .   .   {
Mon 27 Nov 2023 11:09:27     < T:E4E3F780 main   .   .   }
Mon 27 Nov 2023 11:09:27       T:E4E3F780 main   .   .   CTranslatingHttpTransaction::~CTranslatingHttpTransaction
Mon 27 Nov 2023 11:09:27       T:E4E3F780 main   .   .   CWebviewCredentialHandler destructor.
Mon 27 Nov 2023 11:09:27       T:E4E3F780 main   .   .   agAuthData=Session cookie='' Session gateway='https://office.rku-it.de/' Proxy mode='SG' SessionVpnCapability='NOT_VPN_CAPABLE' LogoffPath='' SecureBrowsePrefix='not yet known'
Mon 27 Nov 2023 11:09:27       T:E4E3F780 main   .   .   m_AuthenticationResult=LogonResult_CancelledByUser
Mon 27 Nov 2023 11:09:27       T:E4E3F780 main   .   .   m_SavedCredentialsKey=
Mon 27 Nov 2023 11:09:27     < T:E4E3F780 main   .   }
Mon 27 Nov 2023 11:09:27     < T:E4E3F780 main   }
Mon 27 Nov 2023 11:09:27       T:E4E3F780 main   Server terminating
===========================================
Ending tracing
===========================================
